This is pdfeTeX, Version 3.141592-1.21a-2.2 (Web2C 7.5.4) (format=latex 2010.5.25)  16 NOV 2010 18:49
entering extended mode
\write18 enabled.
**output.tex
(./output.tex
LaTeX2e <2003/12/01>
Babel <v3.8d> and hyphenation patterns for american, french, german, ngerman, b
ahasa, basque, bulgarian, catalan, croatian, czech, danish, dutch, esperanto, e
stonian, finnish, greek, icelandic, irish, italian, latin, magyar, norsk, polis
h, portuges, romanian, russian, serbian, slovak, slovene, spanish, swedish, tur
kish, ukrainian, nohyphenation, loaded.
(/usr/share/texmf-tetex/tex/latex/base/article.cls
Document Class: article 2004/02/16 v1.4f Standard LaTeX document class
(/usr/share/texmf-tetex/tex/latex/base/size10.clo
File: size10.clo 2004/02/16 v1.4f Standard LaTeX file (size option)
)
\c@part=\count79
\c@section=\count80
\c@subsection=\count81
\c@subsubsection=\count82
\c@paragraph=\count83
\c@subparagraph=\count84
\c@figure=\count85
\c@table=\count86
\abovecaptionskip=\skip41
\belowcaptionskip=\skip42
\bibindent=\dimen102
) (./python.sty
Package: python 2007/06/07 v0.21 Python in LaTeX
\@out=\write3
\@module=\write4
)
(/usr/share/texmf-tetex/tex/latex/graphics/graphicx.sty
Package: graphicx 1999/02/16 v1.0f Enhanced LaTeX Graphics (DPC,SPQR)

(/usr/share/texmf-tetex/tex/latex/graphics/keyval.sty
Package: keyval 1999/03/16 v1.13 key=value parser (DPC)
\KV@toks@=\toks14
)
(/usr/share/texmf-tetex/tex/latex/graphics/graphics.sty
Package: graphics 2001/07/07 v1.0n Standard LaTeX Graphics (DPC,SPQR)

(/usr/share/texmf-tetex/tex/latex/graphics/trig.sty
Package: trig 1999/03/16 v1.09 sin cos tan (DPC)
)
(/usr/share/texmf-tetex/tex/latex/graphics/graphics.cfg
File: graphics.cfg 2005/02/03 v1.3 graphics configuration of teTeX/TeXLive
)
Package graphics Info: Driver file: dvips.def on input line 80.

(/usr/share/texmf-tetex/tex/latex/graphics/dvips.def
File: dvips.def 1999/02/16 v3.0i Driver-dependant file (DPC,SPQR)
))
\Gin@req@height=\dimen103
\Gin@req@width=\dimen104
)
(/usr/share/texmf-tetex/tex/latex/geometry/geometry.sty
Package: geometry 2002/07/08 v3.2 Page Geometry
\Gm@cnth=\count87
\Gm@cntv=\count88
\c@Gm@tempcnt=\count89
\Gm@bindingoffset=\dimen105
\Gm@wd@mp=\dimen106
\Gm@odd@mp=\dimen107
\Gm@even@mp=\dimen108
\Gm@dimlist=\toks15

(/usr/share/texmf-tetex/tex/latex/geometry/geometry.cfg)) (./output.aux)
\openout1 = `output.aux'.

LaTeX Font Info:    Checking defaults for OML/cmm/m/it on input line 5.
LaTeX Font Info:    ... okay on input line 5.
LaTeX Font Info:    Checking defaults for T1/cmr/m/n on input line 5.
LaTeX Font Info:    ... okay on input line 5.
LaTeX Font Info:    Checking defaults for OT1/cmr/m/n on input line 5.
LaTeX Font Info:    ... okay on input line 5.
LaTeX Font Info:    Checking defaults for OMS/cmsy/m/n on input line 5.
LaTeX Font Info:    ... okay on input line 5.
LaTeX Font Info:    Checking defaults for OMX/cmex/m/n on input line 5.
LaTeX Font Info:    ... okay on input line 5.
LaTeX Font Info:    Checking defaults for U/cmr/m/n on input line 5.
LaTeX Font Info:    ... okay on input line 5.
-------------------- Geometry parameters
paper: class default
landscape: --
twocolumn: --
twoside: --
asymmetric: --
h-parts: 28.45274pt, 528.93675pt, 56.9055pt
v-parts: 28.45274pt, 738.0645pt, 28.45274pt
hmarginratio: --
vmarginratio: --
lines: --
heightrounded: --
bindingoffset: 0.0pt
truedimen: --
includehead: --
includefoot: --
includemp: --
driver: 
-------------------- Page layout dimensions and switches
\paperwidth  614.295pt
\paperheight 794.96999pt
\textwidth  528.93675pt
\textheight 738.0645pt
\oddsidemargin  -43.81725pt
\evensidemargin -43.81725pt
\topmargin  -80.81725pt
\headheight 12.0pt
\headsep    25.0pt
\footskip   30.0pt
\marginparwidth 65.0pt
\marginparsep   11.0pt
\columnsep  10.0pt
\skip\footins  9.0pt plus 4.0pt minus 2.0pt
\hoffset 0.0pt
\voffset 0.0pt
\mag 1000

(1in=72.27pt, 1cm=28.45pt)
-----------------------
\openout3 = `output.py'.

\openout4 = `latex.py'.

system(cat  output.py | python > output.py.out 2> output.py.err)...executed.


(./output.py.out

LaTeX Warning: File `2007cc_001.eps' not found on input line 3.


! LaTeX Error: File `2007cc_001.eps' not found.

See the LaTeX manual or LaTeX 
Companion for explanation.
Type  H <return>  for immediate help.
 ...                                              
                                                  
l.3  \centering  }
                  
? 
! Interruption.
\GenericError  ...                                
                                                  \endgroup 
l.3  \centering  }
                  
? 

! LaTeX Error: Cannot determine size of graphic in 2007cc_001.eps (no BoundingB
ox).

See the LaTeX manual or LaTeX Companion for explanation.
Type  H <return>
  for immediate help.
 ...                                              
                                                  
l.3  \centering  }
                  
? 
File: 2007cc_001.eps Graphic file (type eps)
<2007cc_001.eps>
LaTeX Font Info:    External font `cmex10' loaded for size
(Font)              
<7> on input line 3.
LaTeX Font Info:    External font `cmex10' loaded for size
(Font)              
<5> on input line 3.


LaTeX Warning: File `2007_noocean_cc_001.eps' not found on input line 6.


! LaTeX Error: File `2007_noocean_cc_001.eps' not found.

See the LaTeX manual 
or LaTeX Companion for explanation.
Type  H <return>  for immediate help.
 ...                                              
                                                  
l.6 \centering }
                
? 

! LaTeX Error: Cannot determine size of graphic in 2007_noocean_cc_001.eps (no 
BoundingBox).

See the LaTeX manual or LaTeX Companion for explanation.
Type  H
 <return>  for immediate help.
 ...                                              
                                                  
l.6 \centering }
                
? 
File: 2007_noocean_cc_001.eps Graphic file (type eps)
<2007_noocean_cc_001.eps>

LaTeX Warning: File `2007cc_002.eps' not found on input line 10.


! LaTeX Error: File `2007cc_002.eps' not found.

See the LaTeX manual or LaTeX 
Companion for explanation.
Type  H <return>  for immediate help.
 ...                                              
                                                  
l.10  \centering  }
                   
? 

! LaTeX Error: Cannot determine size of graphic in 2007cc_002.eps (no BoundingB
ox).

See the LaTeX manual or LaTeX Companion for explanation.
Type  H <return>
  for immediate help.
 ...                                              
                                                  
l.10  \centering  }
                   
? 
File: 2007cc_002.eps Graphic file (type eps)
<2007cc_002.eps>

LaTeX Warning: File `2007_noocean_cc_002.eps' not found on input line 13.


! LaTeX Error: File `2007_noocean_cc_002.eps' not found.

See the LaTeX manual 
or LaTeX Companion for explanation.
Type  H <return>  for immediate help.
 ...                                              
                                                  
l.13 \centering }
                 
? 

! LaTeX Error: Cannot determine size of graphic in 2007_noocean_cc_002.eps (no 
BoundingBox).

See the LaTeX manual or LaTeX Companion for explanation.
Type  H
 <return>  for immediate help.
 ...                                              
                                                  
l.13 \centering }
                 
? 
File: 2007_noocean_cc_002.eps Graphic file (type eps)
<2007_noocean_cc_002.eps>

LaTeX Warning: File `2007cc_003.eps' not found on input line 17.


! LaTeX Error: File `2007cc_003.eps' not found.

See the LaTeX manual or LaTeX 
Companion for explanation.
Type  H <return>  for immediate help.
 ...                                              
                                                  
l.17  \centering  }
                   
? 

! LaTeX Error: Cannot determine size of graphic in 2007cc_003.eps (no BoundingB
ox).

See the LaTeX manual or LaTeX Companion for explanation.
Type  H <return>
  for immediate help.
 ...                                              
                                                  
l.17  \centering  }
                   
? 
File: 2007cc_003.eps Graphic file (type eps)
<2007cc_003.eps>

LaTeX Warning: File `2007_noocean_cc_003.eps' not found on input line 20.


! LaTeX Error: File `2007_noocean_cc_003.eps' not found.

See the LaTeX manual 
or LaTeX Companion for explanation.
Type  H <return>  for immediate help.
 ...                                              
                                                  
l.20 \centering }
                 
? 

! LaTeX Error: Cannot determine size of graphic in 2007_noocean_cc_003.eps (no 
BoundingBox).

See the LaTeX manual or LaTeX Companion for explanation.
Type  H
 <return>  for immediate help.
 ...                                              
                                                  
l.20 \centering }
                 
? 
File: 2007_noocean_cc_003.eps Graphic file (type eps)
<2007_noocean_cc_003.eps>

LaTeX Warning: File `2007cc_004.eps' not found on input line 24.


! LaTeX Error: File `2007cc_004.eps' not found.

See the LaTeX manual or LaTeX 
Companion for explanation.
Type  H <return>  for immediate help.
 ...                                              
                                                  
l.24  \centering  }
                   
? 

! LaTeX Error: Cannot determine size of graphic in 2007cc_004.eps (no BoundingB
ox).

See the LaTeX manual or LaTeX Companion for explanation.
Type  H <return>
  for immediate help.
 ...                                              
                                                  
l.24  \centering  }
                   
? 
File: 2007cc_004.eps Graphic file (type eps)
<2007cc_004.eps>

LaTeX Warning: File `2007_noocean_cc_004.eps' not found on input line 27.


! LaTeX Error: File `2007_noocean_cc_004.eps' not found.

See the LaTeX manual 
or LaTeX Companion for explanation.
Type  H <return>  for immediate help.
 ...                                              
                                                  
l.27 \centering }
                 
? 

! LaTeX Error: Cannot determine size of graphic in 2007_noocean_cc_004.eps (no 
BoundingBox).

See the LaTeX manual or LaTeX Companion for explanation.
Type  H
 <return>  for immediate help.
 ...                                              
                                                  
l.27 \centering }
                 
? 
File: 2007_noocean_cc_004.eps Graphic file (type eps)
<2007_noocean_cc_004.eps>

LaTeX Warning: File `2007cc_005.eps' not found on input line 31.


! LaTeX Error: File `2007cc_005.eps' not found.

See the LaTeX manual or LaTeX 
Companion for explanation.
Type  H <return>  for immediate help.
 ...                                              
                                                  
l.31  \centering  }
                   
? 

! LaTeX Error: Cannot determine size of graphic in 2007cc_005.eps (no BoundingB
ox).

See the LaTeX manual or LaTeX Companion for explanation.
Type  H <return>
  for immediate help.
 ...                                              
                                                  
l.31  \centering  }
                   
? 
File: 2007cc_005.eps Graphic file (type eps)
<2007cc_005.eps>

LaTeX Warning: File `2007_noocean_cc_005.eps' not found on input line 34.


! LaTeX Error: File `2007_noocean_cc_005.eps' not found.

See the LaTeX manual 
or LaTeX Companion for explanation.
Type  H <return>  for immediate help.
 ...                                              
                                                  
l.34 \centering }
                 
? 

! LaTeX Error: Cannot determine size of graphic in 2007_noocean_cc_005.eps (no 
BoundingBox).

See the LaTeX manual or LaTeX Companion for explanation.
Type  H
 <return>  for immediate help.
 ...                                              
                                                  
l.34 \centering }
                 
? 
File: 2007_noocean_cc_005.eps Graphic file (type eps)
<2007_noocean_cc_005.eps>

LaTeX Warning: File `2007cc_006.eps' not found on input line 38.


! LaTeX Error: File `2007cc_006.eps' not found.

See the LaTeX manual or LaTeX 
Companion for explanation.
Type  H <return>  for immediate help.
 ...                                              
                                                  
l.38  \centering  }
                   
? 

! LaTeX Error: Cannot determine size of graphic in 2007cc_006.eps (no BoundingB
ox).

See the LaTeX manual or LaTeX Companion for explanation.
Type  H <return>
  for immediate help.
 ...                                              
                                                  
l.38  \centering  }
                   
? 
File: 2007cc_006.eps Graphic file (type eps)
<2007cc_006.eps>

LaTeX Warning: File `2007_noocean_cc_006.eps' not found on input line 41.


! LaTeX Error: File `2007_noocean_cc_006.eps' not found.

See the LaTeX manual 
or LaTeX Companion for explanation.
Type  H <return>  for immediate help.
 ...                                              
                                                  
l.41 \centering }
                 
? 

! LaTeX Error: Cannot determine size of graphic in 2007_noocean_cc_006.eps (no 
BoundingBox).

See the LaTeX manual or LaTeX Companion for explanation.
Type  H
 <return>  for immediate help.
 ...                                              
                                                  
l.41 \centering }
                 
? 
File: 2007_noocean_cc_006.eps Graphic file (type eps)
<2007_noocean_cc_006.eps> [1

]

LaTeX Warning: File `2007cc_007.eps' not found on input line 45.


! LaTeX Error: File `2007cc_007.eps' not found.

See the LaTeX manual or LaTeX 
Companion for explanation.
Type  H <return>  for immediate help.
 ...                                              
                                                  
l.45  \centering  }
                   
? 

! LaTeX Error: Cannot determine size of graphic in 2007cc_007.eps (no BoundingB
ox).

See the LaTeX manual or LaTeX Companion for explanation.
Type  H <return>
  for immediate help.
 ...                                              
                                                  
l.45  \centering  }
                   
? 
File: 2007cc_007.eps Graphic file (type eps)
<2007cc_007.eps>

LaTeX Warning: File `2007_noocean_cc_007.eps' not found on input line 48.


! LaTeX Error: File `2007_noocean_cc_007.eps' not found.

See the LaTeX manual 
or LaTeX Companion for explanation.
Type  H <return>  for immediate help.
 ...                                              
                                                  
l.48 \centering }
                 
? 

! LaTeX Error: Cannot determine size of graphic in 2007_noocean_cc_007.eps (no 
BoundingBox).

See the LaTeX manual or LaTeX Companion for explanation.
Type  H
 <return>  for immediate help.
 ...                                              
                                                  
l.48 \centering }
                 
? 
File: 2007_noocean_cc_007.eps Graphic file (type eps)
<2007_noocean_cc_007.eps>

LaTeX Warning: File `2007cc_008.eps' not found on input line 52.


! LaTeX Error: File `2007cc_008.eps' not found.

See the LaTeX manual or LaTeX 
Companion for explanation.
Type  H <return>  for immediate help.
 ...                                              
                                                  
l.52  \centering  }
                   
? 

! LaTeX Error: Cannot determine size of graphic in 2007cc_008.eps (no BoundingB
ox).

See the LaTeX manual or LaTeX Companion for explanation.
Type  H <return>
  for immediate help.
 ...                                              
                                                  
l.52  \centering  }
                   
? 
File: 2007cc_008.eps Graphic file (type eps)
<2007cc_008.eps>

LaTeX Warning: File `2007_noocean_cc_008.eps' not found on input line 55.


! LaTeX Error: File `2007_noocean_cc_008.eps' not found.

See the LaTeX manual 
or LaTeX Companion for explanation.
Type  H <return>  for immediate help.
 ...                                              
                                                  
l.55 \centering }
                 
? 

! LaTeX Error: Cannot determine size of graphic in 2007_noocean_cc_008.eps (no 
BoundingBox).

See the LaTeX manual or LaTeX Companion for explanation.
Type  H
 <return>  for immediate help.
 ...                                              
                                                  
l.55 \centering }
                 
? 
File: 2007_noocean_cc_008.eps Graphic file (type eps)
<2007_noocean_cc_008.eps>

LaTeX Warning: File `2007cc_009.eps' not found on input line 59.


! LaTeX Error: File `2007cc_009.eps' not found.

See the LaTeX manual or LaTeX 
Companion for explanation.
Type  H <return>  for immediate help.
 ...                                              
                                                  
l.59  \centering  }
                   
? 

! LaTeX Error: Cannot determine size of graphic in 2007cc_009.eps (no BoundingB
ox).

See the LaTeX manual or LaTeX Companion for explanation.
Type  H <return>
  for immediate help.
 ...                                              
                                                  
l.59  \centering  }
                   
? 
File: 2007cc_009.eps Graphic file (type eps)
<2007cc_009.eps>

LaTeX Warning: File `2007_noocean_cc_009.eps' not found on input line 62.


! LaTeX Error: File `2007_noocean_cc_009.eps' not found.

See the LaTeX manual 
or LaTeX Companion for explanation.
Type  H <return>  for immediate help.
 ...                                              
                                                  
l.62 \centering }
                 
? 

! LaTeX Error: Cannot determine size of graphic in 2007_noocean_cc_009.eps (no 
BoundingBox).

See the LaTeX manual or LaTeX Companion for explanation.
Type  H
 <return>  for immediate help.
 ...                                              
                                                  
l.62 \centering }
                 
? 
File: 2007_noocean_cc_009.eps Graphic file (type eps)
<2007_noocean_cc_009.eps>

LaTeX Warning: File `2007cc_010.eps' not found on input line 66.


! LaTeX Error: File `2007cc_010.eps' not found.

See the LaTeX manual or LaTeX 
Companion for explanation.
Type  H <return>  for immediate help.
 ...                                              
                                                  
l.66  \centering  }
                   
? 

! LaTeX Error: Cannot determine size of graphic in 2007cc_010.eps (no BoundingB
ox).

See the LaTeX manual or LaTeX Companion for explanation.
Type  H <return>
  for immediate help.
 ...                                              
                                                  
l.66  \centering  }
                   
? 
File: 2007cc_010.eps Graphic file (type eps)
<2007cc_010.eps>

LaTeX Warning: File `2007_noocean_cc_010.eps' not found on input line 69.


! LaTeX Error: File `2007_noocean_cc_010.eps' not found.

See the LaTeX manual 
or LaTeX Companion for explanation.
Type  H <return>  for immediate help.
 ...                                              
                                                  
l.69 \centering }
                 
? 

! LaTeX Error: Cannot determine size of graphic in 2007_noocean_cc_010.eps (no 
BoundingBox).

See the LaTeX manual or LaTeX Companion for explanation.
Type  H
 <return>  for immediate help.
 ...                                              
                                                  
l.69 \centering }
                 
? 
File: 2007_noocean_cc_010.eps Graphic file (type eps)
<2007_noocean_cc_010.eps>

LaTeX Warning: File `2007cc_011.eps' not found on input line 73.


! LaTeX Error: File `2007cc_011.eps' not found.

See the LaTeX manual or LaTeX 
Companion for explanation.
Type  H <return>  for immediate help.
 ...                                              
                                                  
l.73  \centering  }
                   
? 

! LaTeX Error: Cannot determine size of graphic in 2007cc_011.eps (no BoundingB
ox).

See the LaTeX manual or LaTeX Companion for explanation.
Type  H <return>
  for immediate help.
 ...                                              
                                                  
l.73  \centering  }
                   
? 
File: 2007cc_011.eps Graphic file (type eps)
<2007cc_011.eps>

LaTeX Warning: File `2007_noocean_cc_011.eps' not found on input line 76.


! LaTeX Error: File `2007_noocean_cc_011.eps' not found.

See the LaTeX manual 
or LaTeX Companion for explanation.
Type  H <return>  for immediate help.
 ...                                              
                                                  
l.76 \centering }
                 
? 

! LaTeX Error: Cannot determine size of graphic in 2007_noocean_cc_011.eps (no 
BoundingBox).

See the LaTeX manual or LaTeX Companion for explanation.
Type  H
 <return>  for immediate help.
 ...                                              
                                                  
l.76 \centering }
                 
? 
File: 2007_noocean_cc_011.eps Graphic file (type eps)
<2007_noocean_cc_011.eps> [2]

LaTeX Warning: File `2007cc_012.eps' not found on input line 80.


! LaTeX Error: File `2007cc_012.eps' not found.

See the LaTeX manual or LaTeX 
Companion for explanation.
Type  H <return>  for immediate help.
 ...                                              
                                                  
l.80  \centering  }
                   
? 

! LaTeX Error: Cannot determine size of graphic in 2007cc_012.eps (no BoundingB
ox).

See the LaTeX manual or LaTeX Companion for explanation.
Type  H <return>
  for immediate help.
 ...                                              
                                                  
l.80  \centering  }
                   
? 
File: 2007cc_012.eps Graphic file (type eps)
<2007cc_012.eps>

LaTeX Warning: File `2007_noocean_cc_012.eps' not found on input line 83.


! LaTeX Error: File `2007_noocean_cc_012.eps' not found.

See the LaTeX manual 
or LaTeX Companion for explanation.
Type  H <return>  for immediate help.
 ...                                              
                                                  
l.83 \centering }
                 
? 

! LaTeX Error: Cannot determine size of graphic in 2007_noocean_cc_012.eps (no 
BoundingBox).

See the LaTeX manual or LaTeX Companion for explanation.
Type  H
 <return>  for immediate help.
 ...                                              
                                                  
l.83 \centering }
                 
? 
File: 2007_noocean_cc_012.eps Graphic file (type eps)
<2007_noocean_cc_012.eps>

LaTeX Warning: File `2007cc_013.eps' not found on input line 87.


! LaTeX Error: File `2007cc_013.eps' not found.

See the LaTeX manual or LaTeX 
Companion for explanation.
Type  H <return>  for immediate help.
 ...                                              
                                                  
l.87  \centering  }
                   
? 

! LaTeX Error: Cannot determine size of graphic in 2007cc_013.eps (no BoundingB
ox).

See the LaTeX manual or LaTeX Companion for explanation.
Type  H <return>
  for immediate help.
 ...                                              
                                                  
l.87  \centering  }
                   
? 
File: 2007cc_013.eps Graphic file (type eps)
<2007cc_013.eps>

LaTeX Warning: File `2007_noocean_cc_013.eps' not found on input line 90.


! LaTeX Error: File `2007_noocean_cc_013.eps' not found.

See the LaTeX manual 
or LaTeX Companion for explanation.
Type  H <return>  for immediate help.
 ...                                              
                                                  
l.90 \centering }
                 
? 

! LaTeX Error: Cannot determine size of graphic in 2007_noocean_cc_013.eps (no 
BoundingBox).

See the LaTeX manual or LaTeX Companion for explanation.
Type  H
 <return>  for immediate help.
 ...                                              
                                                  
l.90 \centering }
                 
? 
File: 2007_noocean_cc_013.eps Graphic file (type eps)
<2007_noocean_cc_013.eps>

LaTeX Warning: File `2007cc_014.eps' not found on input line 94.


! LaTeX Error: File `2007cc_014.eps' not found.

See the LaTeX manual or LaTeX 
Companion for explanation.
Type  H <return>  for immediate help.
 ...                                              
                                                  
l.94  \centering  }
                   
? 

! LaTeX Error: Cannot determine size of graphic in 2007cc_014.eps (no BoundingB
ox).

See the LaTeX manual or LaTeX Companion for explanation.
Type  H <return>
  for immediate help.
 ...                                              
                                                  
l.94  \centering  }
                   
? 
File: 2007cc_014.eps Graphic file (type eps)
<2007cc_014.eps>

LaTeX Warning: File `2007_noocean_cc_014.eps' not found on input line 97.


! LaTeX Error: File `2007_noocean_cc_014.eps' not found.

See the LaTeX manual 
or LaTeX Companion for explanation.
Type  H <return>  for immediate help.
 ...                                              
                                                  
l.97 \centering }
                 
? 

! LaTeX Error: Cannot determine size of graphic in 2007_noocean_cc_014.eps (no 
BoundingBox).

See the LaTeX manual or LaTeX Companion for explanation.
Type  H
 <return>  for immediate help.
 ...                                              
                                                  
l.97 \centering }
                 
? 
File: 2007_noocean_cc_014.eps Graphic file (type eps)
<2007_noocean_cc_014.eps>

LaTeX Warning: File `2007cc_015.eps' not found on input line 101.


! LaTeX Error: File `2007cc_015.eps' not found.

See the LaTeX manual or LaTeX 
Companion for explanation.
Type  H <return>  for immediate help.
 ...                                              
                                                  
l.101  \centering  }
                    
? 

! LaTeX Error: Cannot determine size of graphic in 2007cc_015.eps (no BoundingB
ox).

See the LaTeX manual or LaTeX Companion for explanation.
Type  H <return>
  for immediate help.
 ...                                              
                                                  
l.101  \centering  }
                    
? 
File: 2007cc_015.eps Graphic file (type eps)
<2007cc_015.eps>

LaTeX Warning: File `2007_noocean_cc_015.eps' not found on input line 104.


! LaTeX Error: File `2007_noocean_cc_015.eps' not found.

See the LaTeX manual 
or LaTeX Companion for explanation.
Type  H <return>  for immediate help.
 ...                                              
                                                  
l.104 \centering }
                  
? 

! LaTeX Error: Cannot determine size of graphic in 2007_noocean_cc_015.eps (no 
BoundingBox).

See the LaTeX manual or LaTeX Companion for explanation.
Type  H
 <return>  for immediate help.
 ...                                              
                                                  
l.104 \centering }
                  
? 
File: 2007_noocean_cc_015.eps Graphic file (type eps)
<2007_noocean_cc_015.eps>

LaTeX Warning: File `2007cc_016.eps' not found on input line 108.


! LaTeX Error: File `2007cc_016.eps' not found.

See the LaTeX manual or LaTeX 
Companion for explanation.
Type  H <return>  for immediate help.
 ...                                              
                                                  
l.108  \centering  }
                    
? 

! LaTeX Error: Cannot determine size of graphic in 2007cc_016.eps (no BoundingB
ox).

See the LaTeX manual or LaTeX Companion for explanation.
Type  H <return>
  for immediate help.
 ...                                              
                                                  
l.108  \centering  }
                    
? 
File: 2007cc_016.eps Graphic file (type eps)
<2007cc_016.eps>

LaTeX Warning: File `2007_noocean_cc_016.eps' not found on input line 111.


! LaTeX Error: File `2007_noocean_cc_016.eps' not found.

See the LaTeX manual 
or LaTeX Companion for explanation.
Type  H <return>  for immediate help.
 ...                                              
                                                  
l.111 \centering }
                  
? 

! LaTeX Error: Cannot determine size of graphic in 2007_noocean_cc_016.eps (no 
BoundingBox).

See the LaTeX manual or LaTeX Companion for explanation.
Type  H
 <return>  for immediate help.
 ...                                              
                                                  
l.111 \centering }
                  
? 
File: 2007_noocean_cc_016.eps Graphic file (type eps)
<2007_noocean_cc_016.eps> [3]

LaTeX Warning: File `2007cc_017.eps' not found on input line 115.


! LaTeX Error: File `2007cc_017.eps' not found.

See the LaTeX manual or LaTeX 
Companion for explanation.
Type  H <return>  for immediate help.
 ...                                              
                                                  
l.115  \centering  }
                    
? 

! LaTeX Error: Cannot determine size of graphic in 2007cc_017.eps (no BoundingB
ox).

See the LaTeX manual or LaTeX Companion for explanation.
Type  H <return>
  for immediate help.
 ...                                              
                                                  
l.115  \centering  }
                    
? 
File: 2007cc_017.eps Graphic file (type eps)
<2007cc_017.eps>

LaTeX Warning: File `2007_noocean_cc_017.eps' not found on input line 118.


! LaTeX Error: File `2007_noocean_cc_017.eps' not found.

See the LaTeX manual 
or LaTeX Companion for explanation.
Type  H <return>  for immediate help.
 ...                                              
                                                  
l.118 \centering }
                  
? 

! LaTeX Error: Cannot determine size of graphic in 2007_noocean_cc_017.eps (no 
BoundingBox).

See the LaTeX manual or LaTeX Companion for explanation.
Type  H
 <return>  for immediate help.
 ...                                              
                                                  
l.118 \centering }
                  
? 
File: 2007_noocean_cc_017.eps Graphic file (type eps)
<2007_noocean_cc_017.eps>

LaTeX Warning: File `2007cc_018.eps' not found on input line 122.


! LaTeX Error: File `2007cc_018.eps' not found.

See the LaTeX manual or LaTeX 
Companion for explanation.
Type  H <return>  for immediate help.
 ...                                              
                                                  
l.122  \centering  }
                    
? 

! LaTeX Error: Cannot determine size of graphic in 2007cc_018.eps (no BoundingB
ox).

See the LaTeX manual or LaTeX Companion for explanation.
Type  H <return>
  for immediate help.
 ...                                              
                                                  
l.122  \centering  }
                    
? 
File: 2007cc_018.eps Graphic file (type eps)
<2007cc_018.eps>

LaTeX Warning: File `2007_noocean_cc_018.eps' not found on input line 125.


! LaTeX Error: File `2007_noocean_cc_018.eps' not found.

See the LaTeX manual 
or LaTeX Companion for explanation.
Type  H <return>  for immediate help.
 ...                                              
                                                  
l.125 \centering }
                  
? 

! LaTeX Error: Cannot determine size of graphic in 2007_noocean_cc_018.eps (no 
BoundingBox).

See the LaTeX manual or LaTeX Companion for explanation.
Type  H
 <return>  for immediate help.
 ...                                              
                                                  
l.125 \centering }
                  
? 
File: 2007_noocean_cc_018.eps Graphic file (type eps)
<2007_noocean_cc_018.eps>

LaTeX Warning: File `2007cc_019.eps' not found on input line 129.


! LaTeX Error: File `2007cc_019.eps' not found.

See the LaTeX manual or LaTeX 
Companion for explanation.
Type  H <return>  for immediate help.
 ...                                              
                                                  
l.129  \centering  }
                    
? 

! LaTeX Error: Cannot determine size of graphic in 2007cc_019.eps (no BoundingB
ox).

See the LaTeX manual or LaTeX Companion for explanation.
Type  H <return>
  for immediate help.
 ...                                              
                                                  
l.129  \centering  }
                    
? 
File: 2007cc_019.eps Graphic file (type eps)
<2007cc_019.eps>

LaTeX Warning: File `2007_noocean_cc_019.eps' not found on input line 132.


! LaTeX Error: File `2007_noocean_cc_019.eps' not found.

See the LaTeX manual 
or LaTeX Companion for explanation.
Type  H <return>  for immediate help.
 ...                                              
                                                  
l.132 \centering }
                  
? 

! LaTeX Error: Cannot determine size of graphic in 2007_noocean_cc_019.eps (no 
BoundingBox).

See the LaTeX manual or LaTeX Companion for explanation.
Type  H
 <return>  for immediate help.
 ...                                              
                                                  
l.132 \centering }
                  
? 
File: 2007_noocean_cc_019.eps Graphic file (type eps)
<2007_noocean_cc_019.eps>

LaTeX Warning: File `2007cc_020.eps' not found on input line 136.


! LaTeX Error: File `2007cc_020.eps' not found.

See the LaTeX manual or LaTeX 
Companion for explanation.
Type  H <return>  for immediate help.
 ...                                              
                                                  
l.136  \centering  }
                    
? 

! LaTeX Error: Cannot determine size of graphic in 2007cc_020.eps (no BoundingB
ox).

See the LaTeX manual or LaTeX Companion for explanation.
Type  H <return>
  for immediate help.
 ...                                              
                                                  
l.136  \centering  }
                    
? 
File: 2007cc_020.eps Graphic file (type eps)
<2007cc_020.eps>

LaTeX Warning: File `2007_noocean_cc_020.eps' not found on input line 139.


! LaTeX Error: File `2007_noocean_cc_020.eps' not found.

See the LaTeX manual 
or LaTeX Companion for explanation.
Type  H <return>  for immediate help.
 ...                                              
                                                  
l.139 \centering }
                  
? 

! LaTeX Error: Cannot determine size of graphic in 2007_noocean_cc_020.eps (no 
BoundingBox).

See the LaTeX manual or LaTeX Companion for explanation.
Type  H
 <return>  for immediate help.
 ...                                              
                                                  
l.139 \centering }
                  
? 
File: 2007_noocean_cc_020.eps Graphic file (type eps)
<2007_noocean_cc_020.eps>

LaTeX Warning: File `2007cc_021.eps' not found on input line 143.


! LaTeX Error: File `2007cc_021.eps' not found.

See the LaTeX manual or LaTeX 
Companion for explanation.
Type  H <return>  for immediate help.
 ...                                              
                                                  
l.143  \centering  }
                    
? 

! LaTeX Error: Cannot determine size of graphic in 2007cc_021.eps (no BoundingB
ox).

See the LaTeX manual or LaTeX Companion for explanation.
Type  H <return>
  for immediate help.
 ...                                              
                                                  
l.143  \centering  }
                    
? 
File: 2007cc_021.eps Graphic file (type eps)
<2007cc_021.eps>

LaTeX Warning: File `2007_noocean_cc_021.eps' not found on input line 146.


! LaTeX Error: File `2007_noocean_cc_021.eps' not found.

See the LaTeX manual 
or LaTeX Companion for explanation.
Type  H <return>  for immediate help.
 ...                                              
                                                  
l.146 \centering }
                  
? 

! LaTeX Error: Cannot determine size of graphic in 2007_noocean_cc_021.eps (no 
BoundingBox).

See the LaTeX manual or LaTeX Companion for explanation.
Type  H
 <return>  for immediate help.
 ...                                              
                                                  
l.146 \centering }
                  
? 
File: 2007_noocean_cc_021.eps Graphic file (type eps)
<2007_noocean_cc_021.eps> [4]

LaTeX Warning: File `2007cc_022.eps' not found on input line 150.


! LaTeX Error: File `2007cc_022.eps' not found.

See the LaTeX manual or LaTeX 
Companion for explanation.
Type  H <return>  for immediate help.
 ...                                              
                                                  
l.150  \centering  }
                    
? 

! LaTeX Error: Cannot determine size of graphic in 2007cc_022.eps (no BoundingB
ox).

See the LaTeX manual or LaTeX Companion for explanation.
Type  H <return>
  for immediate help.
 ...                                              
                                                  
l.150  \centering  }
                    
? 
File: 2007cc_022.eps Graphic file (type eps)
<2007cc_022.eps>

LaTeX Warning: File `2007_noocean_cc_022.eps' not found on input line 153.


! LaTeX Error: File `2007_noocean_cc_022.eps' not found.

See the LaTeX manual 
or LaTeX Companion for explanation.
Type  H <return>  for immediate help.
 ...                                              
                                                  
l.153 \centering }
                  
? 

! LaTeX Error: Cannot determine size of graphic in 2007_noocean_cc_022.eps (no 
BoundingBox).

See the LaTeX manual or LaTeX Companion for explanation.
Type  H
 <return>  for immediate help.
 ...                                              
                                                  
l.153 \centering }
                  
? 
File: 2007_noocean_cc_022.eps Graphic file (type eps)
<2007_noocean_cc_022.eps>

LaTeX Warning: File `2007cc_023.eps' not found on input line 157.


! LaTeX Error: File `2007cc_023.eps' not found.

See the LaTeX manual or LaTeX 
Companion for explanation.
Type  H <return>  for immediate help.
 ...                                              
                                                  
l.157  \centering  }
                    
? 

! LaTeX Error: Cannot determine size of graphic in 2007cc_023.eps (no BoundingB
ox).

See the LaTeX manual or LaTeX Companion for explanation.
Type  H <return>
  for immediate help.
 ...                                              
                                                  
l.157  \centering  }
                    
? 
File: 2007cc_023.eps Graphic file (type eps)
<2007cc_023.eps>

LaTeX Warning: File `2007_noocean_cc_023.eps' not found on input line 160.


! LaTeX Error: File `2007_noocean_cc_023.eps' not found.

See the LaTeX manual 
or LaTeX Companion for explanation.
Type  H <return>  for immediate help.
 ...                                              
                                                  
l.160 \centering }
                  
? 

! LaTeX Error: Cannot determine size of graphic in 2007_noocean_cc_023.eps (no 
BoundingBox).

See the LaTeX manual or LaTeX Companion for explanation.
Type  H
 <return>  for immediate help.
 ...                                              
                                                  
l.160 \centering }
                  
? 
File: 2007_noocean_cc_023.eps Graphic file (type eps)
<2007_noocean_cc_023.eps>

LaTeX Warning: File `2007cc_024.eps' not found on input line 164.


! LaTeX Error: File `2007cc_024.eps' not found.

See the LaTeX manual or LaTeX 
Companion for explanation.
Type  H <return>  for immediate help.
 ...                                              
                                                  
l.164  \centering  }
                    
? 

! LaTeX Error: Cannot determine size of graphic in 2007cc_024.eps (no BoundingB
ox).

See the LaTeX manual or LaTeX Companion for explanation.
Type  H <return>
  for immediate help.
 ...                                              
                                                  
l.164  \centering  }
                    
? 
File: 2007cc_024.eps Graphic file (type eps)
<2007cc_024.eps>

LaTeX Warning: File `2007_noocean_cc_024.eps' not found on input line 167.


! LaTeX Error: File `2007_noocean_cc_024.eps' not found.

See the LaTeX manual 
or LaTeX Companion for explanation.
Type  H <return>  for immediate help.
 ...                                              
                                                  
l.167 \centering }
                  
? 

! LaTeX Error: Cannot determine size of graphic in 2007_noocean_cc_024.eps (no 
BoundingBox).

See the LaTeX manual or LaTeX Companion for explanation.
Type  H
 <return>  for immediate help.
 ...                                              
                                                  
l.167 \centering }
                  
? 
File: 2007_noocean_cc_024.eps Graphic file (type eps)
<2007_noocean_cc_024.eps>

LaTeX Warning: File `2007cc_025.eps' not found on input line 171.


! LaTeX Error: File `2007cc_025.eps' not found.

See the LaTeX manual or LaTeX 
Companion for explanation.
Type  H <return>  for immediate help.
 ...                                              
                                                  
l.171  \centering  }
                    
? 

! LaTeX Error: Cannot determine size of graphic in 2007cc_025.eps (no BoundingB
ox).

See the LaTeX manual or LaTeX Companion for explanation.
Type  H <return>
  for immediate help.
 ...                                              
                                                  
l.171  \centering  }
                    
? 
File: 2007cc_025.eps Graphic file (type eps)
<2007cc_025.eps>

LaTeX Warning: File `2007_noocean_cc_025.eps' not found on input line 174.


! LaTeX Error: File `2007_noocean_cc_025.eps' not found.

See the LaTeX manual 
or LaTeX Companion for explanation.
Type  H <return>  for immediate help.
 ...                                              
                                                  
l.174 \centering }
                  
? 

! LaTeX Error: Cannot determine size of graphic in 2007_noocean_cc_025.eps (no 
BoundingBox).

See the LaTeX manual or LaTeX Companion for explanation.
Type  H
 <return>  for immediate help.
 ...                                              
                                                  
l.174 \centering }
                  
? 
File: 2007_noocean_cc_025.eps Graphic file (type eps)
<2007_noocean_cc_025.eps>

LaTeX Warning: File `2007cc_026.eps' not found on input line 178.


! LaTeX Error: File `2007cc_026.eps' not found.

See the LaTeX manual or LaTeX 
Companion for explanation.
Type  H <return>  for immediate help.
 ...                                              
                                                  
l.178  \centering  }
                    
? 

! LaTeX Error: Cannot determine size of graphic in 2007cc_026.eps (no BoundingB
ox).

See the LaTeX manual or LaTeX Companion for explanation.
Type  H <return>
  for immediate help.
 ...                                              
                                                  
l.178  \centering  }
                    
? 
File: 2007cc_026.eps Graphic file (type eps)
<2007cc_026.eps>

LaTeX Warning: File `2007_noocean_cc_026.eps' not found on input line 181.


! LaTeX Error: File `2007_noocean_cc_026.eps' not found.

See the LaTeX manual 
or LaTeX Companion for explanation.
Type  H <return>  for immediate help.
 ...                                              
                                                  
l.181 \centering }
                  
? 

! LaTeX Error: Cannot determine size of graphic in 2007_noocean_cc_026.eps (no 
BoundingBox).

See the LaTeX manual or LaTeX Companion for explanation.
Type  H
 <return>  for immediate help.
 ...                                              
                                                  
l.181 \centering }
                  
? 
File: 2007_noocean_cc_026.eps Graphic file (type eps)
<2007_noocean_cc_026.eps> [5]

LaTeX Warning: File `2007cc_027.eps' not found on input line 185.


! LaTeX Error: File `2007cc_027.eps' not found.

See the LaTeX manual or LaTeX 
Companion for explanation.
Type  H <return>  for immediate help.
 ...                                              
                                                  
l.185  \centering  }
                    
? 

! LaTeX Error: Cannot determine size of graphic in 2007cc_027.eps (no BoundingB
ox).

See the LaTeX manual or LaTeX Companion for explanation.
Type  H <return>
  for immediate help.
 ...                                              
                                                  
l.185  \centering  }
                    
? 
File: 2007cc_027.eps Graphic file (type eps)
<2007cc_027.eps>

LaTeX Warning: File `2007_noocean_cc_027.eps' not found on input line 188.


! LaTeX Error: File `2007_noocean_cc_027.eps' not found.

See the LaTeX manual 
or LaTeX Companion for explanation.
Type  H <return>  for immediate help.
 ...                                              
                                                  
l.188 \centering }
                  
? 

! LaTeX Error: Cannot determine size of graphic in 2007_noocean_cc_027.eps (no 
BoundingBox).

See the LaTeX manual or LaTeX Companion for explanation.
Type  H
 <return>  for immediate help.
 ...                                              
                                                  
l.188 \centering }
                  
? 
File: 2007_noocean_cc_027.eps Graphic file (type eps)
<2007_noocean_cc_027.eps>

LaTeX Warning: File `2007cc_028.eps' not found on input line 192.


! LaTeX Error: File `2007cc_028.eps' not found.

See the LaTeX manual or LaTeX 
Companion for explanation.
Type  H <return>  for immediate help.
 ...                                              
                                                  
l.192  \centering  }
                    
? 

! LaTeX Error: Cannot determine size of graphic in 2007cc_028.eps (no BoundingB
ox).

See the LaTeX manual or LaTeX Companion for explanation.
Type  H <return>
  for immediate help.
 ...                                              
                                                  
l.192  \centering  }
                    
? 
File: 2007cc_028.eps Graphic file (type eps)
<2007cc_028.eps>

LaTeX Warning: File `2007_noocean_cc_028.eps' not found on input line 195.


! LaTeX Error: File `2007_noocean_cc_028.eps' not found.

See the LaTeX manual 
or LaTeX Companion for explanation.
Type  H <return>  for immediate help.
 ...                                              
                                                  
l.195 \centering }
                  
? 

! LaTeX Error: Cannot determine size of graphic in 2007_noocean_cc_028.eps (no 
BoundingBox).

See the LaTeX manual or LaTeX Companion for explanation.
Type  H
 <return>  for immediate help.
 ...                                              
                                                  
l.195 \centering }
                  
? 
File: 2007_noocean_cc_028.eps Graphic file (type eps)
<2007_noocean_cc_028.eps>

LaTeX Warning: File `2007cc_029.eps' not found on input line 199.


! LaTeX Error: File `2007cc_029.eps' not found.

See the LaTeX manual or LaTeX 
Companion for explanation.
Type  H <return>  for immediate help.
 ...                                              
                                                  
l.199  \centering  }
                    
? 

! LaTeX Error: Cannot determine size of graphic in 2007cc_029.eps (no BoundingB
ox).

See the LaTeX manual or LaTeX Companion for explanation.
Type  H <return>
  for immediate help.
 ...                                              
                                                  
l.199  \centering  }
                    
? 
File: 2007cc_029.eps Graphic file (type eps)
<2007cc_029.eps>

LaTeX Warning: File `2007_noocean_cc_029.eps' not found on input line 202.


! LaTeX Error: File `2007_noocean_cc_029.eps' not found.

See the LaTeX manual 
or LaTeX Companion for explanation.
Type  H <return>  for immediate help.
 ...                                              
                                                  
l.202 \centering }
                  
? 

! LaTeX Error: Cannot determine size of graphic in 2007_noocean_cc_029.eps (no 
BoundingBox).

See the LaTeX manual or LaTeX Companion for explanation.
Type  H
 <return>  for immediate help.
 ...                                              
                                                  
l.202 \centering }
                  
? 
File: 2007_noocean_cc_029.eps Graphic file (type eps)
<2007_noocean_cc_029.eps>

LaTeX Warning: File `2007cc_030.eps' not found on input line 206.


! LaTeX Error: File `2007cc_030.eps' not found.

See the LaTeX manual or LaTeX 
Companion for explanation.
Type  H <return>  for immediate help.
 ...                                              
                                                  
l.206  \centering  }
                    
? 

! LaTeX Error: Cannot determine size of graphic in 2007cc_030.eps (no BoundingB
ox).

See the LaTeX manual or LaTeX Companion for explanation.
Type  H <return>
  for immediate help.
 ...                                              
                                                  
l.206  \centering  }
                    
? 
File: 2007cc_030.eps Graphic file (type eps)
<2007cc_030.eps>

LaTeX Warning: File `2007_noocean_cc_030.eps' not found on input line 209.


! LaTeX Error: File `2007_noocean_cc_030.eps' not found.

See the LaTeX manual 
or LaTeX Companion for explanation.
Type  H <return>  for immediate help.
 ...                                              
                                                  
l.209 \centering }
                  
? 

! LaTeX Error: Cannot determine size of graphic in 2007_noocean_cc_030.eps (no 
BoundingBox).

See the LaTeX manual or LaTeX Companion for explanation.
Type  H
 <return>  for immediate help.
 ...                                              
                                                  
l.209 \centering }
                  
? 
File: 2007_noocean_cc_030.eps Graphic file (type eps)
<2007_noocean_cc_030.eps>

LaTeX Warning: File `2007cc_031.eps' not found on input line 213.


! LaTeX Error: File `2007cc_031.eps' not found.

See the LaTeX manual or LaTeX 
Companion for explanation.
Type  H <return>  for immediate help.
 ...                                              
                                                  
l.213  \centering  }
                    
? 

! LaTeX Error: Cannot determine size of graphic in 2007cc_031.eps (no BoundingB
ox).

See the LaTeX manual or LaTeX Companion for explanation.
Type  H <return>
  for immediate help.
 ...                                              
                                                  
l.213  \centering  }
                    
? 
File: 2007cc_031.eps Graphic file (type eps)
<2007cc_031.eps>

LaTeX Warning: File `2007_noocean_cc_031.eps' not found on input line 216.


! LaTeX Error: File `2007_noocean_cc_031.eps' not found.

See the LaTeX manual 
or LaTeX Companion for explanation.
Type  H <return>  for immediate help.
 ...                                              
                                                  
l.216 \centering }
                  
? 

! LaTeX Error: Cannot determine size of graphic in 2007_noocean_cc_031.eps (no 
BoundingBox).

See the LaTeX manual or LaTeX Companion for explanation.
Type  H
 <return>  for immediate help.
 ...                                              
                                                  
l.216 \centering }
                  
? 
File: 2007_noocean_cc_031.eps Graphic file (type eps)
<2007_noocean_cc_031.eps> [6]

LaTeX Warning: File `2007cc_032.eps' not found on input line 220.


! LaTeX Error: File `2007cc_032.eps' not found.

See the LaTeX manual or LaTeX 
Companion for explanation.
Type  H <return>  for immediate help.
 ...                                              
                                                  
l.220  \centering  }
                    
? 

! LaTeX Error: Cannot determine size of graphic in 2007cc_032.eps (no BoundingB
ox).

See the LaTeX manual or LaTeX Companion for explanation.
Type  H <return>
  for immediate help.
 ...                                              
                                                  
l.220  \centering  }
                    
? 
File: 2007cc_032.eps Graphic file (type eps)
<2007cc_032.eps>

LaTeX Warning: File `2007_noocean_cc_032.eps' not found on input line 223.


! LaTeX Error: File `2007_noocean_cc_032.eps' not found.

See the LaTeX manual 
or LaTeX Companion for explanation.
Type  H <return>  for immediate help.
 ...                                              
                                                  
l.223 \centering }
                  
? 

! LaTeX Error: Cannot determine size of graphic in 2007_noocean_cc_032.eps (no 
BoundingBox).

See the LaTeX manual or LaTeX Companion for explanation.
Type  H
 <return>  for immediate help.
 ...                                              
                                                  
l.223 \centering }
                  
? 
File: 2007_noocean_cc_032.eps Graphic file (type eps)
<2007_noocean_cc_032.eps>

LaTeX Warning: File `2007cc_033.eps' not found on input line 227.


! LaTeX Error: File `2007cc_033.eps' not found.

See the LaTeX manual or LaTeX 
Companion for explanation.
Type  H <return>  for immediate help.
 ...                                              
                                                  
l.227  \centering  }
                    
? 

! LaTeX Error: Cannot determine size of graphic in 2007cc_033.eps (no BoundingB
ox).

See the LaTeX manual or LaTeX Companion for explanation.
Type  H <return>
  for immediate help.
 ...                                              
                                                  
l.227  \centering  }
                    
? 
File: 2007cc_033.eps Graphic file (type eps)
<2007cc_033.eps>

LaTeX Warning: File `2007_noocean_cc_033.eps' not found on input line 230.


! LaTeX Error: File `2007_noocean_cc_033.eps' not found.

See the LaTeX manual 
or LaTeX Companion for explanation.
Type  H <return>  for immediate help.
 ...                                              
                                                  
l.230 \centering }
                  
? 

! LaTeX Error: Cannot determine size of graphic in 2007_noocean_cc_033.eps (no 
BoundingBox).

See the LaTeX manual or LaTeX Companion for explanation.
Type  H
 <return>  for immediate help.
 ...                                              
                                                  
l.230 \centering }
                  
? 
File: 2007_noocean_cc_033.eps Graphic file (type eps)
<2007_noocean_cc_033.eps>

LaTeX Warning: File `2007cc_034.eps' not found on input line 234.


! LaTeX Error: File `2007cc_034.eps' not found.

See the LaTeX manual or LaTeX 
Companion for explanation.
Type  H <return>  for immediate help.
 ...                                              
                                                  
l.234  \centering  }
                    
? 

! LaTeX Error: Cannot determine size of graphic in 2007cc_034.eps (no BoundingB
ox).

See the LaTeX manual or LaTeX Companion for explanation.
Type  H <return>
  for immediate help.
 ...                                              
                                                  
l.234  \centering  }
                    
? 
File: 2007cc_034.eps Graphic file (type eps)
<2007cc_034.eps>

LaTeX Warning: File `2007_noocean_cc_034.eps' not found on input line 237.


! LaTeX Error: File `2007_noocean_cc_034.eps' not found.

See the LaTeX manual 
or LaTeX Companion for explanation.
Type  H <return>  for immediate help.
 ...                                              
                                                  
l.237 \centering }
                  
? 

! LaTeX Error: Cannot determine size of graphic in 2007_noocean_cc_034.eps (no 
BoundingBox).

See the LaTeX manual or LaTeX Companion for explanation.
Type  H
 <return>  for immediate help.
 ...                                              
                                                  
l.237 \centering }
                  
? 
File: 2007_noocean_cc_034.eps Graphic file (type eps)
<2007_noocean_cc_034.eps>

LaTeX Warning: File `2007cc_035.eps' not found on input line 241.


! LaTeX Error: File `2007cc_035.eps' not found.

See the LaTeX manual or LaTeX 
Companion for explanation.
Type  H <return>  for immediate help.
 ...                                              
                                                  
l.241  \centering  }
                    
? 

! LaTeX Error: Cannot determine size of graphic in 2007cc_035.eps (no BoundingB
ox).

See the LaTeX manual or LaTeX Companion for explanation.
Type  H <return>
  for immediate help.
 ...                                              
                                                  
l.241  \centering  }
                    
? 
File: 2007cc_035.eps Graphic file (type eps)
<2007cc_035.eps>

LaTeX Warning: File `2007_noocean_cc_035.eps' not found on input line 244.


! LaTeX Error: File `2007_noocean_cc_035.eps' not found.

See the LaTeX manual 
or LaTeX Companion for explanation.
Type  H <return>  for immediate help.
 ...                                              
                                                  
l.244 \centering }
                  
? 

! LaTeX Error: Cannot determine size of graphic in 2007_noocean_cc_035.eps (no 
BoundingBox).

See the LaTeX manual or LaTeX Companion for explanation.
Type  H
 <return>  for immediate help.
 ...                                              
                                                  
l.244 \centering }
                  
? 
File: 2007_noocean_cc_035.eps Graphic file (type eps)
<2007_noocean_cc_035.eps>

LaTeX Warning: File `2007cc_036.eps' not found on input line 248.


! LaTeX Error: File `2007cc_036.eps' not found.

See the LaTeX manual or LaTeX 
Companion for explanation.
Type  H <return>  for immediate help.
 ...                                              
                                                  
l.248  \centering  }
                    
? 

! LaTeX Error: Cannot determine size of graphic in 2007cc_036.eps (no BoundingB
ox).

See the LaTeX manual or LaTeX Companion for explanation.
Type  H <return>
  for immediate help.
 ...                                              
                                                  
l.248  \centering  }
                    
? 
File: 2007cc_036.eps Graphic file (type eps)
<2007cc_036.eps>

LaTeX Warning: File `2007_noocean_cc_036.eps' not found on input line 251.


! LaTeX Error: File `2007_noocean_cc_036.eps' not found.

See the LaTeX manual 
or LaTeX Companion for explanation.
Type  H <return>  for immediate help.
 ...                                              
                                                  
l.251 \centering }
                  
? 

! LaTeX Error: Cannot determine size of graphic in 2007_noocean_cc_036.eps (no 
BoundingBox).

See the LaTeX manual or LaTeX Companion for explanation.
Type  H
 <return>  for immediate help.
 ...                                              
                                                  
l.251 \centering }
                  
? 
File: 2007_noocean_cc_036.eps Graphic file (type eps)
<2007_noocean_cc_036.eps> [7]

LaTeX Warning: File `2007cc_037.eps' not found on input line 255.


! LaTeX Error: File `2007cc_037.eps' not found.

See the LaTeX manual or LaTeX 
Companion for explanation.
Type  H <return>  for immediate help.
 ...                                              
                                                  
l.255  \centering  }
                    
? 

! LaTeX Error: Cannot determine size of graphic in 2007cc_037.eps (no BoundingB
ox).

See the LaTeX manual or LaTeX Companion for explanation.
Type  H <return>
  for immediate help.
 ...                                              
                                                  
l.255  \centering  }
                    
? 
File: 2007cc_037.eps Graphic file (type eps)
<2007cc_037.eps>

LaTeX Warning: File `2007_noocean_cc_037.eps' not found on input line 258.


! LaTeX Error: File `2007_noocean_cc_037.eps' not found.

See the LaTeX manual 
or LaTeX Companion for explanation.
Type  H <return>  for immediate help.
 ...                                              
                                                  
l.258 \centering }
                  
? 

! LaTeX Error: Cannot determine size of graphic in 2007_noocean_cc_037.eps (no 
BoundingBox).

See the LaTeX manual or LaTeX Companion for explanation.
Type  H
 <return>  for immediate help.
 ...                                              
                                                  
l.258 \centering }
                  
? 
File: 2007_noocean_cc_037.eps Graphic file (type eps)
<2007_noocean_cc_037.eps>

LaTeX Warning: File `2007cc_038.eps' not found on input line 262.


! LaTeX Error: File `2007cc_038.eps' not found.

See the LaTeX manual or LaTeX 
Companion for explanation.
Type  H <return>  for immediate help.
 ...                                              
                                                  
l.262  \centering  }
                    
? 

! LaTeX Error: Cannot determine size of graphic in 2007cc_038.eps (no BoundingB
ox).

See the LaTeX manual or LaTeX Companion for explanation.
Type  H <return>
  for immediate help.
 ...                                              
                                                  
l.262  \centering  }
                    
? 
File: 2007cc_038.eps Graphic file (type eps)
<2007cc_038.eps>

LaTeX Warning: File `2007_noocean_cc_038.eps' not found on input line 265.


! LaTeX Error: File `2007_noocean_cc_038.eps' not found.

See the LaTeX manual 
or LaTeX Companion for explanation.
Type  H <return>  for immediate help.
 ...                                              
                                                  
l.265 \centering }
                  
? 

! LaTeX Error: Cannot determine size of graphic in 2007_noocean_cc_038.eps (no 
BoundingBox).

See the LaTeX manual or LaTeX Companion for explanation.
Type  H
 <return>  for immediate help.
 ...                                              
                                                  
l.265 \centering }
                  
? 
File: 2007_noocean_cc_038.eps Graphic file (type eps)
<2007_noocean_cc_038.eps>

LaTeX Warning: File `2007cc_039.eps' not found on input line 269.


! LaTeX Error: File `2007cc_039.eps' not found.

See the LaTeX manual or LaTeX 
Companion for explanation.
Type  H <return>  for immediate help.
 ...                                              
                                                  
l.269  \centering  }
                    
? 

! LaTeX Error: Cannot determine size of graphic in 2007cc_039.eps (no BoundingB
ox).

See the LaTeX manual or LaTeX Companion for explanation.
Type  H <return>
  for immediate help.
 ...                                              
                                                  
l.269  \centering  }
                    
? 
File: 2007cc_039.eps Graphic file (type eps)
<2007cc_039.eps>

LaTeX Warning: File `2007_noocean_cc_039.eps' not found on input line 272.


! LaTeX Error: File `2007_noocean_cc_039.eps' not found.

See the LaTeX manual 
or LaTeX Companion for explanation.
Type  H <return>  for immediate help.
 ...                                              
                                                  
l.272 \centering }
                  
? 

! LaTeX Error: Cannot determine size of graphic in 2007_noocean_cc_039.eps (no 
BoundingBox).

See the LaTeX manual or LaTeX Companion for explanation.
Type  H
 <return>  for immediate help.
 ...                                              
                                                  
l.272 \centering }
                  
? 
File: 2007_noocean_cc_039.eps Graphic file (type eps)
<2007_noocean_cc_039.eps>

LaTeX Warning: File `2007cc_040.eps' not found on input line 276.


! LaTeX Error: File `2007cc_040.eps' not found.

See the LaTeX manual or LaTeX 
Companion for explanation.
Type  H <return>  for immediate help.
 ...                                              
                                                  
l.276  \centering  }
                    
? 

! LaTeX Error: Cannot determine size of graphic in 2007cc_040.eps (no BoundingB
ox).

See the LaTeX manual or LaTeX Companion for explanation.
Type  H <return>
  for immediate help.
 ...                                              
                                                  
l.276  \centering  }
                    
? 
File: 2007cc_040.eps Graphic file (type eps)
<2007cc_040.eps>

LaTeX Warning: File `2007_noocean_cc_040.eps' not found on input line 279.


! LaTeX Error: File `2007_noocean_cc_040.eps' not found.

See the LaTeX manual 
or LaTeX Companion for explanation.
Type  H <return>  for immediate help.
 ...                                              
                                                  
l.279 \centering }
                  
? 

! LaTeX Error: Cannot determine size of graphic in 2007_noocean_cc_040.eps (no 
BoundingBox).

See the LaTeX manual or LaTeX Companion for explanation.
Type  H
 <return>  for immediate help.
 ...                                              
                                                  
l.279 \centering }
                  
? 
File: 2007_noocean_cc_040.eps Graphic file (type eps)
<2007_noocean_cc_040.eps>

LaTeX Warning: File `2007cc_041.eps' not found on input line 283.


! LaTeX Error: File `2007cc_041.eps' not found.

See the LaTeX manual or LaTeX 
Companion for explanation.
Type  H <return>  for immediate help.
 ...                                              
                                                  
l.283  \centering  }
                    
? 

! LaTeX Error: Cannot determine size of graphic in 2007cc_041.eps (no BoundingB
ox).

See the LaTeX manual or LaTeX Companion for explanation.
Type  H <return>
  for immediate help.
 ...                                              
                                                  
l.283  \centering  }
                    
? 
File: 2007cc_041.eps Graphic file (type eps)
<2007cc_041.eps>

LaTeX Warning: File `2007_noocean_cc_041.eps' not found on input line 286.


! LaTeX Error: File `2007_noocean_cc_041.eps' not found.

See the LaTeX manual 
or LaTeX Companion for explanation.
Type  H <return>  for immediate help.
 ...                                              
                                                  
l.286 \centering }
                  
? 

! LaTeX Error: Cannot determine size of graphic in 2007_noocean_cc_041.eps (no 
BoundingBox).

See the LaTeX manual or LaTeX Companion for explanation.
Type  H
 <return>  for immediate help.
 ...                                              
                                                  
l.286 \centering }
                  
? 
File: 2007_noocean_cc_041.eps Graphic file (type eps)
<2007_noocean_cc_041.eps> [8]

LaTeX Warning: File `2007cc_042.eps' not found on input line 290.


! LaTeX Error: File `2007cc_042.eps' not found.

See the LaTeX manual or LaTeX 
Companion for explanation.
Type  H <return>  for immediate help.
 ...                                              
                                                  
l.290  \centering  }
                    
? 

! LaTeX Error: Cannot determine size of graphic in 2007cc_042.eps (no BoundingB
ox).

See the LaTeX manual or LaTeX Companion for explanation.
Type  H <return>
  for immediate help.
 ...                                              
                                                  
l.290  \centering  }
                    
? 
File: 2007cc_042.eps Graphic file (type eps)
<2007cc_042.eps>

LaTeX Warning: File `2007_noocean_cc_042.eps' not found on input line 293.


! LaTeX Error: File `2007_noocean_cc_042.eps' not found.

See the LaTeX manual 
or LaTeX Companion for explanation.
Type  H <return>  for immediate help.
 ...                                              
                                                  
l.293 \centering }
                  
? 

! LaTeX Error: Cannot determine size of graphic in 2007_noocean_cc_042.eps (no 
BoundingBox).

See the LaTeX manual or LaTeX Companion for explanation.
Type  H
 <return>  for immediate help.
 ...                                              
                                                  
l.293 \centering }
                  
? 
File: 2007_noocean_cc_042.eps Graphic file (type eps)
<2007_noocean_cc_042.eps>

LaTeX Warning: File `2007cc_043.eps' not found on input line 297.


! LaTeX Error: File `2007cc_043.eps' not found.

See the LaTeX manual or LaTeX 
Companion for explanation.
Type  H <return>  for immediate help.
 ...                                              
                                                  
l.297  \centering  }
                    
? 

! LaTeX Error: Cannot determine size of graphic in 2007cc_043.eps (no BoundingB
ox).

See the LaTeX manual or LaTeX Companion for explanation.
Type  H <return>
  for immediate help.
 ...                                              
                                                  
l.297  \centering  }
                    
? 
File: 2007cc_043.eps Graphic file (type eps)
<2007cc_043.eps>

LaTeX Warning: File `2007_noocean_cc_043.eps' not found on input line 300.


! LaTeX Error: File `2007_noocean_cc_043.eps' not found.

See the LaTeX manual 
or LaTeX Companion for explanation.
Type  H <return>  for immediate help.
 ...                                              
                                                  
l.300 \centering }
                  
? 

! LaTeX Error: Cannot determine size of graphic in 2007_noocean_cc_043.eps (no 
BoundingBox).

See the LaTeX manual or LaTeX Companion for explanation.
Type  H
 <return>  for immediate help.
 ...                                              
                                                  
l.300 \centering }
                  
? 
File: 2007_noocean_cc_043.eps Graphic file (type eps)
<2007_noocean_cc_043.eps>

LaTeX Warning: File `2007cc_044.eps' not found on input line 304.


! LaTeX Error: File `2007cc_044.eps' not found.

See the LaTeX manual or LaTeX 
Companion for explanation.
Type  H <return>  for immediate help.
 ...                                              
                                                  
l.304  \centering  }
                    
? 

! LaTeX Error: Cannot determine size of graphic in 2007cc_044.eps (no BoundingB
ox).

See the LaTeX manual or LaTeX Companion for explanation.
Type  H <return>
  for immediate help.
 ...                                              
                                                  
l.304  \centering  }
                    
? 
File: 2007cc_044.eps Graphic file (type eps)
<2007cc_044.eps>

LaTeX Warning: File `2007_noocean_cc_044.eps' not found on input line 307.


! LaTeX Error: File `2007_noocean_cc_044.eps' not found.

See the LaTeX manual 
or LaTeX Companion for explanation.
Type  H <return>  for immediate help.
 ...                                              
                                                  
l.307 \centering }
                  
? 

! LaTeX Error: Cannot determine size of graphic in 2007_noocean_cc_044.eps (no 
BoundingBox).

See the LaTeX manual or LaTeX Companion for explanation.
Type  H
 <return>  for immediate help.
 ...                                              
                                                  
l.307 \centering }
                  
? 
File: 2007_noocean_cc_044.eps Graphic file (type eps)
<2007_noocean_cc_044.eps>

LaTeX Warning: File `2007cc_045.eps' not found on input line 311.


! LaTeX Error: File `2007cc_045.eps' not found.

See the LaTeX manual or LaTeX 
Companion for explanation.
Type  H <return>  for immediate help.
 ...                                              
                                                  
l.311  \centering  }
                    
? 

! LaTeX Error: Cannot determine size of graphic in 2007cc_045.eps (no BoundingB
ox).

See the LaTeX manual or LaTeX Companion for explanation.
Type  H <return>
  for immediate help.
 ...                                              
                                                  
l.311  \centering  }
                    
? 
File: 2007cc_045.eps Graphic file (type eps)
<2007cc_045.eps>

LaTeX Warning: File `2007_noocean_cc_045.eps' not found on input line 314.


! LaTeX Error: File `2007_noocean_cc_045.eps' not found.

See the LaTeX manual 
or LaTeX Companion for explanation.
Type  H <return>  for immediate help.
 ...                                              
                                                  
l.314 \centering }
                  
? 

! LaTeX Error: Cannot determine size of graphic in 2007_noocean_cc_045.eps (no 
BoundingBox).

See the LaTeX manual or LaTeX Companion for explanation.
Type  H
 <return>  for immediate help.
 ...                                              
                                                  
l.314 \centering }
                  
? 
File: 2007_noocean_cc_045.eps Graphic file (type eps)
<2007_noocean_cc_045.eps>

LaTeX Warning: File `2007cc_046.eps' not found on input line 318.


! LaTeX Error: File `2007cc_046.eps' not found.

See the LaTeX manual or LaTeX 
Companion for explanation.
Type  H <return>  for immediate help.
 ...                                              
                                                  
l.318  \centering  }
                    
? 

! LaTeX Error: Cannot determine size of graphic in 2007cc_046.eps (no BoundingB
ox).

See the LaTeX manual or LaTeX Companion for explanation.
Type  H <return>
  for immediate help.
 ...                                              
                                                  
l.318  \centering  }
                    
? 
File: 2007cc_046.eps Graphic file (type eps)
<2007cc_046.eps>

LaTeX Warning: File `2007_noocean_cc_046.eps' not found on input line 321.


! LaTeX Error: File `2007_noocean_cc_046.eps' not found.

See the LaTeX manual 
or LaTeX Companion for explanation.
Type  H <return>  for immediate help.
 ...                                              
                                                  
l.321 \centering }
                  
? 

! LaTeX Error: Cannot determine size of graphic in 2007_noocean_cc_046.eps (no 
BoundingBox).

See the LaTeX manual or LaTeX Companion for explanation.
Type  H
 <return>  for immediate help.
 ...                                              
                                                  
l.321 \centering }
                  
? 
File: 2007_noocean_cc_046.eps Graphic file (type eps)
<2007_noocean_cc_046.eps> [9]

LaTeX Warning: File `2007cc_047.eps' not found on input line 325.


! LaTeX Error: File `2007cc_047.eps' not found.

See the LaTeX manual or LaTeX 
Companion for explanation.
Type  H <return>  for immediate help.
 ...                                              
                                                  
l.325  \centering  }
                    
? 

! LaTeX Error: Cannot determine size of graphic in 2007cc_047.eps (no BoundingB
ox).

See the LaTeX manual or LaTeX Companion for explanation.
Type  H <return>
  for immediate help.
 ...                                              
                                                  
l.325  \centering  }
                    
? 
File: 2007cc_047.eps Graphic file (type eps)
<2007cc_047.eps>

LaTeX Warning: File `2007_noocean_cc_047.eps' not found on input line 328.


! LaTeX Error: File `2007_noocean_cc_047.eps' not found.

See the LaTeX manual 
or LaTeX Companion for explanation.
Type  H <return>  for immediate help.
 ...                                              
                                                  
l.328 \centering }
                  
? 

! LaTeX Error: Cannot determine size of graphic in 2007_noocean_cc_047.eps (no 
BoundingBox).

See the LaTeX manual or LaTeX Companion for explanation.
Type  H
 <return>  for immediate help.
 ...                                              
                                                  
l.328 \centering }
                  
? 
File: 2007_noocean_cc_047.eps Graphic file (type eps)
<2007_noocean_cc_047.eps>

LaTeX Warning: File `2007cc_048.eps' not found on input line 332.


! LaTeX Error: File `2007cc_048.eps' not found.

See the LaTeX manual or LaTeX 
Companion for explanation.
Type  H <return>  for immediate help.
 ...                                              
                                                  
l.332  \centering  }
                    
? 

! LaTeX Error: Cannot determine size of graphic in 2007cc_048.eps (no BoundingB
ox).

See the LaTeX manual or LaTeX Companion for explanation.
Type  H <return>
  for immediate help.
 ...                                              
                                                  
l.332  \centering  }
                    
? 
File: 2007cc_048.eps Graphic file (type eps)
<2007cc_048.eps>

LaTeX Warning: File `2007_noocean_cc_048.eps' not found on input line 335.


! LaTeX Error: File `2007_noocean_cc_048.eps' not found.

See the LaTeX manual 
or LaTeX Companion for explanation.
Type  H <return>  for immediate help.
 ...                                              
                                                  
l.335 \centering }
                  
? 

! LaTeX Error: Cannot determine size of graphic in 2007_noocean_cc_048.eps (no 
BoundingBox).

See the LaTeX manual or LaTeX Companion for explanation.
Type  H
 <return>  for immediate help.
 ...                                              
                                                  
l.335 \centering }
                  
? 
File: 2007_noocean_cc_048.eps Graphic file (type eps)
<2007_noocean_cc_048.eps>

LaTeX Warning: File `2007cc_049.eps' not found on input line 339.


! LaTeX Error: File `2007cc_049.eps' not found.

See the LaTeX manual or LaTeX 
Companion for explanation.
Type  H <return>  for immediate help.
 ...                                              
                                                  
l.339  \centering  }
                    
? 

! LaTeX Error: Cannot determine size of graphic in 2007cc_049.eps (no BoundingB
ox).

See the LaTeX manual or LaTeX Companion for explanation.
Type  H <return>
  for immediate help.
 ...                                              
                                                  
l.339  \centering  }
                    
? 
File: 2007cc_049.eps Graphic file (type eps)
<2007cc_049.eps>

LaTeX Warning: File `2007_noocean_cc_049.eps' not found on input line 342.


! LaTeX Error: File `2007_noocean_cc_049.eps' not found.

See the LaTeX manual 
or LaTeX Companion for explanation.
Type  H <return>  for immediate help.
 ...                                              
                                                  
l.342 \centering }
                  
? 

! LaTeX Error: Cannot determine size of graphic in 2007_noocean_cc_049.eps (no 
BoundingBox).

See the LaTeX manual or LaTeX Companion for explanation.
Type  H
 <return>  for immediate help.
 ...                                              
                                                  
l.342 \centering }
                  
? 
File: 2007_noocean_cc_049.eps Graphic file (type eps)
<2007_noocean_cc_049.eps>

LaTeX Warning: File `2007cc_050.eps' not found on input line 346.


! LaTeX Error: File `2007cc_050.eps' not found.

See the LaTeX manual or LaTeX 
Companion for explanation.
Type  H <return>  for immediate help.
 ...                                              
                                                  
l.346  \centering  }
                    
? 

! LaTeX Error: Cannot determine size of graphic in 2007cc_050.eps (no BoundingB
ox).

See the LaTeX manual or LaTeX Companion for explanation.
Type  H <return>
  for immediate help.
 ...                                              
                                                  
l.346  \centering  }
                    
? 
File: 2007cc_050.eps Graphic file (type eps)
<2007cc_050.eps>

LaTeX Warning: File `2007_noocean_cc_050.eps' not found on input line 349.


! LaTeX Error: File `2007_noocean_cc_050.eps' not found.

See the LaTeX manual 
or LaTeX Companion for explanation.
Type  H <return>  for immediate help.
 ...                                              
                                                  
l.349 \centering }
                  
? 

! LaTeX Error: Cannot determine size of graphic in 2007_noocean_cc_050.eps (no 
BoundingBox).

See the LaTeX manual or LaTeX Companion for explanation.
Type  H
 <return>  for immediate help.
 ...                                              
                                                  
l.349 \centering }
                  
? 
File: 2007_noocean_cc_050.eps Graphic file (type eps)
<2007_noocean_cc_050.eps>

LaTeX Warning: File `2007cc_051.eps' not found on input line 353.


! LaTeX Error: File `2007cc_051.eps' not found.

See the LaTeX manual or LaTeX 
Companion for explanation.
Type  H <return>  for immediate help.
 ...                                              
                                                  
l.353  \centering  }
                    
? 

! LaTeX Error: Cannot determine size of graphic in 2007cc_051.eps (no BoundingB
ox).

See the LaTeX manual or LaTeX Companion for explanation.
Type  H <return>
  for immediate help.
 ...                                              
                                                  
l.353  \centering  }
                    
? 
File: 2007cc_051.eps Graphic file (type eps)
<2007cc_051.eps>

LaTeX Warning: File `2007_noocean_cc_051.eps' not found on input line 356.


! LaTeX Error: File `2007_noocean_cc_051.eps' not found.

See the LaTeX manual 
or LaTeX Companion for explanation.
Type  H <return>  for immediate help.
 ...                                              
                                                  
l.356 \centering }
                  
? 

! LaTeX Error: Cannot determine size of graphic in 2007_noocean_cc_051.eps (no 
BoundingBox).

See the LaTeX manual or LaTeX Companion for explanation.
Type  H
 <return>  for immediate help.
 ...                                              
                                                  
l.356 \centering }
                  
? 
File: 2007_noocean_cc_051.eps Graphic file (type eps)
<2007_noocean_cc_051.eps> [10]

LaTeX Warning: File `2007cc_052.eps' not found on input line 360.


! LaTeX Error: File `2007cc_052.eps' not found.

See the LaTeX manual or LaTeX 
Companion for explanation.
Type  H <return>  for immediate help.
 ...                                              
                                                  
l.360  \centering  }
                    
? 

! LaTeX Error: Cannot determine size of graphic in 2007cc_052.eps (no BoundingB
ox).

See the LaTeX manual or LaTeX Companion for explanation.
Type  H <return>
  for immediate help.
 ...                                              
                                                  
l.360  \centering  }
                    
? 
File: 2007cc_052.eps Graphic file (type eps)
<2007cc_052.eps>

LaTeX Warning: File `2007_noocean_cc_052.eps' not found on input line 363.


! LaTeX Error: File `2007_noocean_cc_052.eps' not found.

See the LaTeX manual 
or LaTeX Companion for explanation.
Type  H <return>  for immediate help.
 ...                                              
                                                  
l.363 \centering }
                  
? 

! LaTeX Error: Cannot determine size of graphic in 2007_noocean_cc_052.eps (no 
BoundingBox).

See the LaTeX manual or LaTeX Companion for explanation.
Type  H
 <return>  for immediate help.
 ...                                              
                                                  
l.363 \centering }
                  
? 
File: 2007_noocean_cc_052.eps Graphic file (type eps)
<2007_noocean_cc_052.eps>

LaTeX Warning: File `2007cc_053.eps' not found on input line 367.


! LaTeX Error: File `2007cc_053.eps' not found.

See the LaTeX manual or LaTeX 
Companion for explanation.
Type  H <return>  for immediate help.
 ...                                              
                                                  
l.367  \centering  }
                    
? 

! LaTeX Error: Cannot determine size of graphic in 2007cc_053.eps (no BoundingB
ox).

See the LaTeX manual or LaTeX Companion for explanation.
Type  H <return>
  for immediate help.
 ...                                              
                                                  
l.367  \centering  }
                    
? 
File: 2007cc_053.eps Graphic file (type eps)
<2007cc_053.eps>

LaTeX Warning: File `2007_noocean_cc_053.eps' not found on input line 370.


! LaTeX Error: File `2007_noocean_cc_053.eps' not found.

See the LaTeX manual 
or LaTeX Companion for explanation.
Type  H <return>  for immediate help.
 ...                                              
                                                  
l.370 \centering }
                  
? 

! LaTeX Error: Cannot determine size of graphic in 2007_noocean_cc_053.eps (no 
BoundingBox).

See the LaTeX manual or LaTeX Companion for explanation.
Type  H
 <return>  for immediate help.
 ...                                              
                                                  
l.370 \centering }
                  
? 
File: 2007_noocean_cc_053.eps Graphic file (type eps)
<2007_noocean_cc_053.eps>

LaTeX Warning: File `2007cc_054.eps' not found on input line 374.


! LaTeX Error: File `2007cc_054.eps' not found.

See the LaTeX manual or LaTeX 
Companion for explanation.
Type  H <return>  for immediate help.
 ...                                              
                                                  
l.374  \centering  }
                    
? 

! LaTeX Error: Cannot determine size of graphic in 2007cc_054.eps (no BoundingB
ox).

See the LaTeX manual or LaTeX Companion for explanation.
Type  H <return>
  for immediate help.
 ...                                              
                                                  
l.374  \centering  }
                    
? 
File: 2007cc_054.eps Graphic file (type eps)
<2007cc_054.eps>

LaTeX Warning: File `2007_noocean_cc_054.eps' not found on input line 377.


! LaTeX Error: File `2007_noocean_cc_054.eps' not found.

See the LaTeX manual 
or LaTeX Companion for explanation.
Type  H <return>  for immediate help.
 ...                                              
                                                  
l.377 \centering }
                  
? 

! LaTeX Error: Cannot determine size of graphic in 2007_noocean_cc_054.eps (no 
BoundingBox).

See the LaTeX manual or LaTeX Companion for explanation.
Type  H
 <return>  for immediate help.
 ...                                              
                                                  
l.377 \centering }
                  
? 
File: 2007_noocean_cc_054.eps Graphic file (type eps)
<2007_noocean_cc_054.eps>

LaTeX Warning: File `2007cc_055.eps' not found on input line 381.


! LaTeX Error: File `2007cc_055.eps' not found.

See the LaTeX manual or LaTeX 
Companion for explanation.
Type  H <return>  for immediate help.
 ...                                              
                                                  
l.381  \centering  }
                    
? 

! LaTeX Error: Cannot determine size of graphic in 2007cc_055.eps (no BoundingB
ox).

See the LaTeX manual or LaTeX Companion for explanation.
Type  H <return>
  for immediate help.
 ...                                              
                                                  
l.381  \centering  }
                    
? 
File: 2007cc_055.eps Graphic file (type eps)
<2007cc_055.eps>

LaTeX Warning: File `2007_noocean_cc_055.eps' not found on input line 384.


! LaTeX Error: File `2007_noocean_cc_055.eps' not found.

See the LaTeX manual 
or LaTeX Companion for explanation.
Type  H <return>  for immediate help.
 ...                                              
                                                  
l.384 \centering }
                  
? 

! LaTeX Error: Cannot determine size of graphic in 2007_noocean_cc_055.eps (no 
BoundingBox).

See the LaTeX manual or LaTeX Companion for explanation.
Type  H
 <return>  for immediate help.
 ...                                              
                                                  
l.384 \centering }
                  
? 
File: 2007_noocean_cc_055.eps Graphic file (type eps)
<2007_noocean_cc_055.eps>

LaTeX Warning: File `2007cc_056.eps' not found on input line 388.


! LaTeX Error: File `2007cc_056.eps' not found.

See the LaTeX manual or LaTeX 
Companion for explanation.
Type  H <return>  for immediate help.
 ...                                              
                                                  
l.388  \centering  }
                    
? 

! LaTeX Error: Cannot determine size of graphic in 2007cc_056.eps (no BoundingB
ox).

See the LaTeX manual or LaTeX Companion for explanation.
Type  H <return>
  for immediate help.
 ...                                              
                                                  
l.388  \centering  }
                    
? 
File: 2007cc_056.eps Graphic file (type eps)
<2007cc_056.eps>

LaTeX Warning: File `2007_noocean_cc_056.eps' not found on input line 391.


! LaTeX Error: File `2007_noocean_cc_056.eps' not found.

See the LaTeX manual 
or LaTeX Companion for explanation.
Type  H <return>  for immediate help.
 ...                                              
                                                  
l.391 \centering }
                  
? 

! LaTeX Error: Cannot determine size of graphic in 2007_noocean_cc_056.eps (no 
BoundingBox).

See the LaTeX manual or LaTeX Companion for explanation.
Type  H
 <return>  for immediate help.
 ...                                              
                                                  
l.391 \centering }
                  
? 
File: 2007_noocean_cc_056.eps Graphic file (type eps)
<2007_noocean_cc_056.eps> [11]

LaTeX Warning: File `2007cc_057.eps' not found on input line 395.


! LaTeX Error: File `2007cc_057.eps' not found.

See the LaTeX manual or LaTeX 
Companion for explanation.
Type  H <return>  for immediate help.
 ...                                              
                                                  
l.395  \centering  }
                    
? 

! LaTeX Error: Cannot determine size of graphic in 2007cc_057.eps (no BoundingB
ox).

See the LaTeX manual or LaTeX Companion for explanation.
Type  H <return>
  for immediate help.
 ...                                              
                                                  
l.395  \centering  }
                    
? 
File: 2007cc_057.eps Graphic file (type eps)
<2007cc_057.eps>

LaTeX Warning: File `2007_noocean_cc_057.eps' not found on input line 398.


! LaTeX Error: File `2007_noocean_cc_057.eps' not found.

See the LaTeX manual 
or LaTeX Companion for explanation.
Type  H <return>  for immediate help.
 ...                                              
                                                  
l.398 \centering }
                  
? 

! LaTeX Error: Cannot determine size of graphic in 2007_noocean_cc_057.eps (no 
BoundingBox).

See the LaTeX manual or LaTeX Companion for explanation.
Type  H
 <return>  for immediate help.
 ...                                              
                                                  
l.398 \centering }
                  
? 
File: 2007_noocean_cc_057.eps Graphic file (type eps)
<2007_noocean_cc_057.eps>

LaTeX Warning: File `2007cc_058.eps' not found on input line 402.


! LaTeX Error: File `2007cc_058.eps' not found.

See the LaTeX manual or LaTeX 
Companion for explanation.
Type  H <return>  for immediate help.
 ...                                              
                                                  
l.402  \centering  }
                    
? 

! LaTeX Error: Cannot determine size of graphic in 2007cc_058.eps (no BoundingB
ox).

See the LaTeX manual or LaTeX Companion for explanation.
Type  H <return>
  for immediate help.
 ...                                              
                                                  
l.402  \centering  }
                    
? 
File: 2007cc_058.eps Graphic file (type eps)
<2007cc_058.eps>

LaTeX Warning: File `2007_noocean_cc_058.eps' not found on input line 405.


! LaTeX Error: File `2007_noocean_cc_058.eps' not found.

See the LaTeX manual 
or LaTeX Companion for explanation.
Type  H <return>  for immediate help.
 ...                                              
                                                  
l.405 \centering }
                  
? 

! LaTeX Error: Cannot determine size of graphic in 2007_noocean_cc_058.eps (no 
BoundingBox).

See the LaTeX manual or LaTeX Companion for explanation.
Type  H
 <return>  for immediate help.
 ...                                              
                                                  
l.405 \centering }
                  
? 
File: 2007_noocean_cc_058.eps Graphic file (type eps)
<2007_noocean_cc_058.eps>

LaTeX Warning: File `2007cc_059.eps' not found on input line 409.


! LaTeX Error: File `2007cc_059.eps' not found.

See the LaTeX manual or LaTeX 
Companion for explanation.
Type  H <return>  for immediate help.
 ...                                              
                                                  
l.409  \centering  }
                    
? 

! LaTeX Error: Cannot determine size of graphic in 2007cc_059.eps (no BoundingB
ox).

See the LaTeX manual or LaTeX Companion for explanation.
Type  H <return>
  for immediate help.
 ...                                              
                                                  
l.409  \centering  }
                    
? 
File: 2007cc_059.eps Graphic file (type eps)
<2007cc_059.eps>

LaTeX Warning: File `2007_noocean_cc_059.eps' not found on input line 412.


! LaTeX Error: File `2007_noocean_cc_059.eps' not found.

See the LaTeX manual 
or LaTeX Companion for explanation.
Type  H <return>  for immediate help.
 ...                                              
                                                  
l.412 \centering }
                  
? 

! LaTeX Error: Cannot determine size of graphic in 2007_noocean_cc_059.eps (no 
BoundingBox).

See the LaTeX manual or LaTeX Companion for explanation.
Type  H
 <return>  for immediate help.
 ...                                              
                                                  
l.412 \centering }
                  
? 
File: 2007_noocean_cc_059.eps Graphic file (type eps)
<2007_noocean_cc_059.eps>

LaTeX Warning: File `2007cc_060.eps' not found on input line 416.


! LaTeX Error: File `2007cc_060.eps' not found.

See the LaTeX manual or LaTeX 
Companion for explanation.
Type  H <return>  for immediate help.
 ...                                              
                                                  
l.416  \centering  }
                    
? 

! LaTeX Error: Cannot determine size of graphic in 2007cc_060.eps (no BoundingB
ox).

See the LaTeX manual or LaTeX Companion for explanation.
Type  H <return>
  for immediate help.
 ...                                              
                                                  
l.416  \centering  }
                    
? 
File: 2007cc_060.eps Graphic file (type eps)
<2007cc_060.eps>

LaTeX Warning: File `2007_noocean_cc_060.eps' not found on input line 419.


! LaTeX Error: File `2007_noocean_cc_060.eps' not found.

See the LaTeX manual 
or LaTeX Companion for explanation.
Type  H <return>  for immediate help.
 ...                                              
                                                  
l.419 \centering }
                  
? 

! LaTeX Error: Cannot determine size of graphic in 2007_noocean_cc_060.eps (no 
BoundingBox).

See the LaTeX manual or LaTeX Companion for explanation.
Type  H
 <return>  for immediate help.
 ...                                              
                                                  
l.419 \centering }
                  
? 
File: 2007_noocean_cc_060.eps Graphic file (type eps)
<2007_noocean_cc_060.eps>) [12] (./output.aux) ) 
Here is how much of TeX's memory you used:
 1089 strings out of 94501
 15384 string characters out of 1175794
 62881 words of memory out of 1000000
 4191 multiletter control sequences out of 10000+50000
 3640 words of font info for 14 fonts, out of 500000 for 2000
 580 hyphenation exceptions out of 8191
 25i,5n,26p,247b,288s stack positions out of 1500i,500n,5000p,200000b,5000s

Output written on output.dvi (12 pages, 27140 bytes).
