\begin{center}
\parbox{0.40\linewidth}{\includegraphics[width=4.5cm, angle=0]{2007cc_001.eps}\
 \centering  }
\hspace{0.1\linewidth}
\parbox{0.40\linewidth}{\includegraphics[width=4.5cm, angle=0]{2007_noocean_cc_001.eps}\
\centering }
\end{center}
\begin{center}
\parbox{0.40\linewidth}{\includegraphics[width=4.5cm, angle=0]{2007cc_002.eps}\
 \centering  }
\hspace{0.1\linewidth}
\parbox{0.40\linewidth}{\includegraphics[width=4.5cm, angle=0]{2007_noocean_cc_002.eps}\
\centering }
\end{center}
\begin{center}
\parbox{0.40\linewidth}{\includegraphics[width=4.5cm, angle=0]{2007cc_003.eps}\
 \centering  }
\hspace{0.1\linewidth}
\parbox{0.40\linewidth}{\includegraphics[width=4.5cm, angle=0]{2007_noocean_cc_003.eps}\
\centering }
\end{center}
\begin{center}
\parbox{0.40\linewidth}{\includegraphics[width=4.5cm, angle=0]{2007cc_004.eps}\
 \centering  }
\hspace{0.1\linewidth}
\parbox{0.40\linewidth}{\includegraphics[width=4.5cm, angle=0]{2007_noocean_cc_004.eps}\
\centering }
\end{center}
\begin{center}
\parbox{0.40\linewidth}{\includegraphics[width=4.5cm, angle=0]{2007cc_005.eps}\
 \centering  }
\hspace{0.1\linewidth}
\parbox{0.40\linewidth}{\includegraphics[width=4.5cm, angle=0]{2007_noocean_cc_005.eps}\
\centering }
\end{center}
\begin{center}
\parbox{0.40\linewidth}{\includegraphics[width=4.5cm, angle=0]{2007cc_006.eps}\
 \centering  }
\hspace{0.1\linewidth}
\parbox{0.40\linewidth}{\includegraphics[width=4.5cm, angle=0]{2007_noocean_cc_006.eps}\
\centering }
\end{center}
\begin{center}
\parbox{0.40\linewidth}{\includegraphics[width=4.5cm, angle=0]{2007cc_007.eps}\
 \centering  }
\hspace{0.1\linewidth}
\parbox{0.40\linewidth}{\includegraphics[width=4.5cm, angle=0]{2007_noocean_cc_007.eps}\
\centering }
\end{center}
\begin{center}
\parbox{0.40\linewidth}{\includegraphics[width=4.5cm, angle=0]{2007cc_008.eps}\
 \centering  }
\hspace{0.1\linewidth}
\parbox{0.40\linewidth}{\includegraphics[width=4.5cm, angle=0]{2007_noocean_cc_008.eps}\
\centering }
\end{center}
\begin{center}
\parbox{0.40\linewidth}{\includegraphics[width=4.5cm, angle=0]{2007cc_009.eps}\
 \centering  }
\hspace{0.1\linewidth}
\parbox{0.40\linewidth}{\includegraphics[width=4.5cm, angle=0]{2007_noocean_cc_009.eps}\
\centering }
\end{center}
\begin{center}
\parbox{0.40\linewidth}{\includegraphics[width=4.5cm, angle=0]{2007cc_010.eps}\
 \centering  }
\hspace{0.1\linewidth}
\parbox{0.40\linewidth}{\includegraphics[width=4.5cm, angle=0]{2007_noocean_cc_010.eps}\
\centering }
\end{center}
\begin{center}
\parbox{0.40\linewidth}{\includegraphics[width=4.5cm, angle=0]{2007cc_011.eps}\
 \centering  }
\hspace{0.1\linewidth}
\parbox{0.40\linewidth}{\includegraphics[width=4.5cm, angle=0]{2007_noocean_cc_011.eps}\
\centering }
\end{center}
\begin{center}
\parbox{0.40\linewidth}{\includegraphics[width=4.5cm, angle=0]{2007cc_012.eps}\
 \centering  }
\hspace{0.1\linewidth}
\parbox{0.40\linewidth}{\includegraphics[width=4.5cm, angle=0]{2007_noocean_cc_012.eps}\
\centering }
\end{center}
\begin{center}
\parbox{0.40\linewidth}{\includegraphics[width=4.5cm, angle=0]{2007cc_013.eps}\
 \centering  }
\hspace{0.1\linewidth}
\parbox{0.40\linewidth}{\includegraphics[width=4.5cm, angle=0]{2007_noocean_cc_013.eps}\
\centering }
\end{center}
\begin{center}
\parbox{0.40\linewidth}{\includegraphics[width=4.5cm, angle=0]{2007cc_014.eps}\
 \centering  }
\hspace{0.1\linewidth}
\parbox{0.40\linewidth}{\includegraphics[width=4.5cm, angle=0]{2007_noocean_cc_014.eps}\
\centering }
\end{center}
\begin{center}
\parbox{0.40\linewidth}{\includegraphics[width=4.5cm, angle=0]{2007cc_015.eps}\
 \centering  }
\hspace{0.1\linewidth}
\parbox{0.40\linewidth}{\includegraphics[width=4.5cm, angle=0]{2007_noocean_cc_015.eps}\
\centering }
\end{center}
\begin{center}
\parbox{0.40\linewidth}{\includegraphics[width=4.5cm, angle=0]{2007cc_016.eps}\
 \centering  }
\hspace{0.1\linewidth}
\parbox{0.40\linewidth}{\includegraphics[width=4.5cm, angle=0]{2007_noocean_cc_016.eps}\
\centering }
\end{center}
\begin{center}
\parbox{0.40\linewidth}{\includegraphics[width=4.5cm, angle=0]{2007cc_017.eps}\
 \centering  }
\hspace{0.1\linewidth}
\parbox{0.40\linewidth}{\includegraphics[width=4.5cm, angle=0]{2007_noocean_cc_017.eps}\
\centering }
\end{center}
\begin{center}
\parbox{0.40\linewidth}{\includegraphics[width=4.5cm, angle=0]{2007cc_018.eps}\
 \centering  }
\hspace{0.1\linewidth}
\parbox{0.40\linewidth}{\includegraphics[width=4.5cm, angle=0]{2007_noocean_cc_018.eps}\
\centering }
\end{center}
\begin{center}
\parbox{0.40\linewidth}{\includegraphics[width=4.5cm, angle=0]{2007cc_019.eps}\
 \centering  }
\hspace{0.1\linewidth}
\parbox{0.40\linewidth}{\includegraphics[width=4.5cm, angle=0]{2007_noocean_cc_019.eps}\
\centering }
\end{center}
\begin{center}
\parbox{0.40\linewidth}{\includegraphics[width=4.5cm, angle=0]{2007cc_020.eps}\
 \centering  }
\hspace{0.1\linewidth}
\parbox{0.40\linewidth}{\includegraphics[width=4.5cm, angle=0]{2007_noocean_cc_020.eps}\
\centering }
\end{center}
\begin{center}
\parbox{0.40\linewidth}{\includegraphics[width=4.5cm, angle=0]{2007cc_021.eps}\
 \centering  }
\hspace{0.1\linewidth}
\parbox{0.40\linewidth}{\includegraphics[width=4.5cm, angle=0]{2007_noocean_cc_021.eps}\
\centering }
\end{center}
\begin{center}
\parbox{0.40\linewidth}{\includegraphics[width=4.5cm, angle=0]{2007cc_022.eps}\
 \centering  }
\hspace{0.1\linewidth}
\parbox{0.40\linewidth}{\includegraphics[width=4.5cm, angle=0]{2007_noocean_cc_022.eps}\
\centering }
\end{center}
\begin{center}
\parbox{0.40\linewidth}{\includegraphics[width=4.5cm, angle=0]{2007cc_023.eps}\
 \centering  }
\hspace{0.1\linewidth}
\parbox{0.40\linewidth}{\includegraphics[width=4.5cm, angle=0]{2007_noocean_cc_023.eps}\
\centering }
\end{center}
\begin{center}
\parbox{0.40\linewidth}{\includegraphics[width=4.5cm, angle=0]{2007cc_024.eps}\
 \centering  }
\hspace{0.1\linewidth}
\parbox{0.40\linewidth}{\includegraphics[width=4.5cm, angle=0]{2007_noocean_cc_024.eps}\
\centering }
\end{center}
\begin{center}
\parbox{0.40\linewidth}{\includegraphics[width=4.5cm, angle=0]{2007cc_025.eps}\
 \centering  }
\hspace{0.1\linewidth}
\parbox{0.40\linewidth}{\includegraphics[width=4.5cm, angle=0]{2007_noocean_cc_025.eps}\
\centering }
\end{center}
\begin{center}
\parbox{0.40\linewidth}{\includegraphics[width=4.5cm, angle=0]{2007cc_026.eps}\
 \centering  }
\hspace{0.1\linewidth}
\parbox{0.40\linewidth}{\includegraphics[width=4.5cm, angle=0]{2007_noocean_cc_026.eps}\
\centering }
\end{center}
\begin{center}
\parbox{0.40\linewidth}{\includegraphics[width=4.5cm, angle=0]{2007cc_027.eps}\
 \centering  }
\hspace{0.1\linewidth}
\parbox{0.40\linewidth}{\includegraphics[width=4.5cm, angle=0]{2007_noocean_cc_027.eps}\
\centering }
\end{center}
\begin{center}
\parbox{0.40\linewidth}{\includegraphics[width=4.5cm, angle=0]{2007cc_028.eps}\
 \centering  }
\hspace{0.1\linewidth}
\parbox{0.40\linewidth}{\includegraphics[width=4.5cm, angle=0]{2007_noocean_cc_028.eps}\
\centering }
\end{center}
\begin{center}
\parbox{0.40\linewidth}{\includegraphics[width=4.5cm, angle=0]{2007cc_029.eps}\
 \centering  }
\hspace{0.1\linewidth}
\parbox{0.40\linewidth}{\includegraphics[width=4.5cm, angle=0]{2007_noocean_cc_029.eps}\
\centering }
\end{center}
\begin{center}
\parbox{0.40\linewidth}{\includegraphics[width=4.5cm, angle=0]{2007cc_030.eps}\
 \centering  }
\hspace{0.1\linewidth}
\parbox{0.40\linewidth}{\includegraphics[width=4.5cm, angle=0]{2007_noocean_cc_030.eps}\
\centering }
\end{center}
\begin{center}
\parbox{0.40\linewidth}{\includegraphics[width=4.5cm, angle=0]{2007cc_031.eps}\
 \centering  }
\hspace{0.1\linewidth}
\parbox{0.40\linewidth}{\includegraphics[width=4.5cm, angle=0]{2007_noocean_cc_031.eps}\
\centering }
\end{center}
\begin{center}
\parbox{0.40\linewidth}{\includegraphics[width=4.5cm, angle=0]{2007cc_032.eps}\
 \centering  }
\hspace{0.1\linewidth}
\parbox{0.40\linewidth}{\includegraphics[width=4.5cm, angle=0]{2007_noocean_cc_032.eps}\
\centering }
\end{center}
\begin{center}
\parbox{0.40\linewidth}{\includegraphics[width=4.5cm, angle=0]{2007cc_033.eps}\
 \centering  }
\hspace{0.1\linewidth}
\parbox{0.40\linewidth}{\includegraphics[width=4.5cm, angle=0]{2007_noocean_cc_033.eps}\
\centering }
\end{center}
\begin{center}
\parbox{0.40\linewidth}{\includegraphics[width=4.5cm, angle=0]{2007cc_034.eps}\
 \centering  }
\hspace{0.1\linewidth}
\parbox{0.40\linewidth}{\includegraphics[width=4.5cm, angle=0]{2007_noocean_cc_034.eps}\
\centering }
\end{center}
\begin{center}
\parbox{0.40\linewidth}{\includegraphics[width=4.5cm, angle=0]{2007cc_035.eps}\
 \centering  }
\hspace{0.1\linewidth}
\parbox{0.40\linewidth}{\includegraphics[width=4.5cm, angle=0]{2007_noocean_cc_035.eps}\
\centering }
\end{center}
\begin{center}
\parbox{0.40\linewidth}{\includegraphics[width=4.5cm, angle=0]{2007cc_036.eps}\
 \centering  }
\hspace{0.1\linewidth}
\parbox{0.40\linewidth}{\includegraphics[width=4.5cm, angle=0]{2007_noocean_cc_036.eps}\
\centering }
\end{center}
\begin{center}
\parbox{0.40\linewidth}{\includegraphics[width=4.5cm, angle=0]{2007cc_037.eps}\
 \centering  }
\hspace{0.1\linewidth}
\parbox{0.40\linewidth}{\includegraphics[width=4.5cm, angle=0]{2007_noocean_cc_037.eps}\
\centering }
\end{center}
\begin{center}
\parbox{0.40\linewidth}{\includegraphics[width=4.5cm, angle=0]{2007cc_038.eps}\
 \centering  }
\hspace{0.1\linewidth}
\parbox{0.40\linewidth}{\includegraphics[width=4.5cm, angle=0]{2007_noocean_cc_038.eps}\
\centering }
\end{center}
\begin{center}
\parbox{0.40\linewidth}{\includegraphics[width=4.5cm, angle=0]{2007cc_039.eps}\
 \centering  }
\hspace{0.1\linewidth}
\parbox{0.40\linewidth}{\includegraphics[width=4.5cm, angle=0]{2007_noocean_cc_039.eps}\
\centering }
\end{center}
\begin{center}
\parbox{0.40\linewidth}{\includegraphics[width=4.5cm, angle=0]{2007cc_040.eps}\
 \centering  }
\hspace{0.1\linewidth}
\parbox{0.40\linewidth}{\includegraphics[width=4.5cm, angle=0]{2007_noocean_cc_040.eps}\
\centering }
\end{center}
\begin{center}
\parbox{0.40\linewidth}{\includegraphics[width=4.5cm, angle=0]{2007cc_041.eps}\
 \centering  }
\hspace{0.1\linewidth}
\parbox{0.40\linewidth}{\includegraphics[width=4.5cm, angle=0]{2007_noocean_cc_041.eps}\
\centering }
\end{center}
\begin{center}
\parbox{0.40\linewidth}{\includegraphics[width=4.5cm, angle=0]{2007cc_042.eps}\
 \centering  }
\hspace{0.1\linewidth}
\parbox{0.40\linewidth}{\includegraphics[width=4.5cm, angle=0]{2007_noocean_cc_042.eps}\
\centering }
\end{center}
\begin{center}
\parbox{0.40\linewidth}{\includegraphics[width=4.5cm, angle=0]{2007cc_043.eps}\
 \centering  }
\hspace{0.1\linewidth}
\parbox{0.40\linewidth}{\includegraphics[width=4.5cm, angle=0]{2007_noocean_cc_043.eps}\
\centering }
\end{center}
\begin{center}
\parbox{0.40\linewidth}{\includegraphics[width=4.5cm, angle=0]{2007cc_044.eps}\
 \centering  }
\hspace{0.1\linewidth}
\parbox{0.40\linewidth}{\includegraphics[width=4.5cm, angle=0]{2007_noocean_cc_044.eps}\
\centering }
\end{center}
\begin{center}
\parbox{0.40\linewidth}{\includegraphics[width=4.5cm, angle=0]{2007cc_045.eps}\
 \centering  }
\hspace{0.1\linewidth}
\parbox{0.40\linewidth}{\includegraphics[width=4.5cm, angle=0]{2007_noocean_cc_045.eps}\
\centering }
\end{center}
\begin{center}
\parbox{0.40\linewidth}{\includegraphics[width=4.5cm, angle=0]{2007cc_046.eps}\
 \centering  }
\hspace{0.1\linewidth}
\parbox{0.40\linewidth}{\includegraphics[width=4.5cm, angle=0]{2007_noocean_cc_046.eps}\
\centering }
\end{center}
\begin{center}
\parbox{0.40\linewidth}{\includegraphics[width=4.5cm, angle=0]{2007cc_047.eps}\
 \centering  }
\hspace{0.1\linewidth}
\parbox{0.40\linewidth}{\includegraphics[width=4.5cm, angle=0]{2007_noocean_cc_047.eps}\
\centering }
\end{center}
\begin{center}
\parbox{0.40\linewidth}{\includegraphics[width=4.5cm, angle=0]{2007cc_048.eps}\
 \centering  }
\hspace{0.1\linewidth}
\parbox{0.40\linewidth}{\includegraphics[width=4.5cm, angle=0]{2007_noocean_cc_048.eps}\
\centering }
\end{center}
\begin{center}
\parbox{0.40\linewidth}{\includegraphics[width=4.5cm, angle=0]{2007cc_049.eps}\
 \centering  }
\hspace{0.1\linewidth}
\parbox{0.40\linewidth}{\includegraphics[width=4.5cm, angle=0]{2007_noocean_cc_049.eps}\
\centering }
\end{center}
\begin{center}
\parbox{0.40\linewidth}{\includegraphics[width=4.5cm, angle=0]{2007cc_050.eps}\
 \centering  }
\hspace{0.1\linewidth}
\parbox{0.40\linewidth}{\includegraphics[width=4.5cm, angle=0]{2007_noocean_cc_050.eps}\
\centering }
\end{center}
\begin{center}
\parbox{0.40\linewidth}{\includegraphics[width=4.5cm, angle=0]{2007cc_051.eps}\
 \centering  }
\hspace{0.1\linewidth}
\parbox{0.40\linewidth}{\includegraphics[width=4.5cm, angle=0]{2007_noocean_cc_051.eps}\
\centering }
\end{center}
\begin{center}
\parbox{0.40\linewidth}{\includegraphics[width=4.5cm, angle=0]{2007cc_052.eps}\
 \centering  }
\hspace{0.1\linewidth}
\parbox{0.40\linewidth}{\includegraphics[width=4.5cm, angle=0]{2007_noocean_cc_052.eps}\
\centering }
\end{center}
\begin{center}
\parbox{0.40\linewidth}{\includegraphics[width=4.5cm, angle=0]{2007cc_053.eps}\
 \centering  }
\hspace{0.1\linewidth}
\parbox{0.40\linewidth}{\includegraphics[width=4.5cm, angle=0]{2007_noocean_cc_053.eps}\
\centering }
\end{center}
\begin{center}
\parbox{0.40\linewidth}{\includegraphics[width=4.5cm, angle=0]{2007cc_054.eps}\
 \centering  }
\hspace{0.1\linewidth}
\parbox{0.40\linewidth}{\includegraphics[width=4.5cm, angle=0]{2007_noocean_cc_054.eps}\
\centering }
\end{center}
\begin{center}
\parbox{0.40\linewidth}{\includegraphics[width=4.5cm, angle=0]{2007cc_055.eps}\
 \centering  }
\hspace{0.1\linewidth}
\parbox{0.40\linewidth}{\includegraphics[width=4.5cm, angle=0]{2007_noocean_cc_055.eps}\
\centering }
\end{center}
\begin{center}
\parbox{0.40\linewidth}{\includegraphics[width=4.5cm, angle=0]{2007cc_056.eps}\
 \centering  }
\hspace{0.1\linewidth}
\parbox{0.40\linewidth}{\includegraphics[width=4.5cm, angle=0]{2007_noocean_cc_056.eps}\
\centering }
\end{center}
\begin{center}
\parbox{0.40\linewidth}{\includegraphics[width=4.5cm, angle=0]{2007cc_057.eps}\
 \centering  }
\hspace{0.1\linewidth}
\parbox{0.40\linewidth}{\includegraphics[width=4.5cm, angle=0]{2007_noocean_cc_057.eps}\
\centering }
\end{center}
\begin{center}
\parbox{0.40\linewidth}{\includegraphics[width=4.5cm, angle=0]{2007cc_058.eps}\
 \centering  }
\hspace{0.1\linewidth}
\parbox{0.40\linewidth}{\includegraphics[width=4.5cm, angle=0]{2007_noocean_cc_058.eps}\
\centering }
\end{center}
\begin{center}
\parbox{0.40\linewidth}{\includegraphics[width=4.5cm, angle=0]{2007cc_059.eps}\
 \centering  }
\hspace{0.1\linewidth}
\parbox{0.40\linewidth}{\includegraphics[width=4.5cm, angle=0]{2007_noocean_cc_059.eps}\
\centering }
\end{center}
\begin{center}
\parbox{0.40\linewidth}{\includegraphics[width=4.5cm, angle=0]{2007cc_060.eps}\
 \centering  }
\hspace{0.1\linewidth}
\parbox{0.40\linewidth}{\includegraphics[width=4.5cm, angle=0]{2007_noocean_cc_060.eps}\
\centering }
\end{center}
